{"logTime": "0906/200735", "correlationVector":"QtgjxUydDarpf9b6+zm31+.1","action":"SyncServerConnectionManagerRequest", "result":"SYNC_SERVER_OK", "context":{"environment":"Prod_eastus2_prod-s01-050-nam-eastus2", "migrationStage":"NotStarted", "server":"akswtt10200000c"}}
{"logTime": "0906/200735", "correlationVector":"QtgjxUydDarpf9b6+zm31+.2","action":"ProcessGetUpdates", "result":"Done", "context":{"dataType":"Encryption Keys", "deleted":"0", "process_failed_to_decrypt":"0", "process_pending_decryption":"0", "process_success":"1", "total":"1"}}
{"logTime": "0906/200735", "correlationVector":"UJbcQWf5ETbfjWa4W7wGTu","action":"SyncServerConnectionManagerRequest", "result":"SYNC_SERVER_OK", "context":{"environment":"", "migrationStage":"", "server":""}}
{"logTime": "0906/200735", "correlationVector":"UJbcQWf5ETbfjWa4W7wGTu.0","action":"EncryptionKeysFetcher.DownloadKeys:", "result":"Success", "context":Key count: 7, Last key timestamp: 2025-04-23T21:42:35Z}
{"logTime": "0906/200735", "correlationVector":"UJbcQWf5ETbfjWa4W7wGTu.1","action":"EncryptionKeysManager::SetEncryptionKeys:", "result":"Success", "context":Key names[7]:[JiYZt5tFE4ndf+iG8U6UrzVLZhPkOigUIateGBQl35/jNDTW2j3gAj3ecUQ6dMBcAClTti7HYlCW9dZXJvpmrg==][580RO3WPfKiDM2s2bllPrSpcuo+H5AA9ui4nVOMAmrXhzPjQLcRACSKh2M5uwqeMobUX9bI9lpaonixYpjbDWw==][W9JXR6dhK48Dub+xWFW4lU4hZM0ggRtv/CtoiQorXwcxOZEF0iFXO8EhFQCtYYN0lhxNqIcVSPE2XDGJjw30CA==][Kht8Z03xKSiUjMUMRfgMbE+kW8pyOTKLFOf4g3BwUBUwimalQLxNgdFK5rSI/zyleY+zdEux4C5h61M5OPtv+w==][tJOjxrfKDngwIiMJ4QjnpN1ontuKHClWQstSkuKTog425ZLWXB7d9UVptQ4oiiQdya7fB6K9hQBMYSPmFEZkGA==][uKQGYD3PS1N7Z/ApKvYBN1Df3ODu/i7MWx7uNAsJLKTxL1bSiTkueI9HiJ+rtG0U7C+2mDyAwJQ00DhEekoONw==][crDkFSdHvvOIwDPv3m590MH8VpYYxesy0xNQG2G5WPVFWw/+ZHOvp75GDOh7r9wx+hmQe8pgCKExl9yXP2dVyg==]}
{"logTime": "0906/200735", "correlationVector":"UJbcQWf5ETbfjWa4W7wGTu.2","action":"EncryptionKeysManager::SetEncryptionKeysWithTimestamps:", "result":"Success", "context":Key timestamps[7]:[2022-07-24T02:36:20Z][2023-01-20T22:55:38Z][2023-05-02T18:29:36Z][2023-10-30T11:17:24Z][2024-04-27T14:32:28Z][2024-10-25T19:23:04Z][2025-04-23T21:42:35Z]}
{"logTime": "0906/200735", "correlationVector":"QtgjxUydDarpf9b6+zm31+","action":"Initial GetUpdates", "result":"", "context":Reason: NEW_CLIENT. cV=QtgjxUydDarpf9b6+zm31+}
{"logTime": "0906/200735", "correlationVector":"QtgjxUydDarpf9b6+zm31+.3","action":"GetUpdates Response", "result":"Success", "context":Received 1 update(s). cV=QtgjxUydDarpf9b6+zm31+.0;server=akswtt10200000c;cloudType=Consumer;environment=Prod_eastus2_prod-s01-050-nam-eastus2;migrationStage=NotStarted}
{"logTime": "0906/200735", "correlationVector":"+w9hI3q1BT6f8YBG+36EUZ","action":"Initial GetUpdates", "result":"", "context":Reason: NEWLY_SUPPORTED_DATATYPE. cV=+w9hI3q1BT6f8YBG+36EUZ}
{"logTime": "0906/200737", "correlationVector":"+w9hI3q1BT6f8YBG+36EUZ.1","action":"SyncServerConnectionManagerRequest", "result":"SYNC_SERVER_OK", "context":{"environment":"Prod_eastus2_prod-s01-050-nam-eastus2", "migrationStage":"NotStarted", "server":"akswtt10200000r"}}
{"logTime": "0906/200737", "correlationVector":"+w9hI3q1BT6f8YBG+36EUZ.2","action":"ProcessGetUpdates", "result":"Done", "context":{"dataType":"Preferences", "deleted":"0", "process_failed_to_decrypt":"0", "process_pending_decryption":"0", "process_success":"104", "total":"104"}}
{"logTime": "0906/200737", "correlationVector":"+w9hI3q1BT6f8YBG+36EUZ.3","action":"ProcessGetUpdates", "result":"Done", "context":{"dataType":"Passwords", "deleted":"3", "process_failed_to_decrypt":"0", "process_pending_decryption":"0", "process_success":"137", "total":"137"}}
{"logTime": "0906/200737", "correlationVector":"+w9hI3q1BT6f8YBG+36EUZ.4","action":"ProcessGetUpdates", "result":"Done", "context":{"dataType":"Device Info", "deleted":"0", "process_failed_to_decrypt":"0", "process_pending_decryption":"0", "process_success":"9", "total":"9"}}
{"logTime": "0906/200737", "correlationVector":"+w9hI3q1BT6f8YBG+36EUZ.5","action":"GetUpdates Response", "result":"Success", "context":Received 250 update(s). cV=+w9hI3q1BT6f8YBG+36EUZ.0;server=akswtt10200000r;cloudType=Consumer;environment=Prod_eastus2_prod-s01-050-nam-eastus2;migrationStage=NotStarted Some updates remain.}
{"logTime": "0906/200737", "correlationVector":"gMmTMDBoH26GB9lk8nlgsX","action":"Initial GetUpdates", "result":"", "context":Reason: NEWLY_SUPPORTED_DATATYPE. cV=gMmTMDBoH26GB9lk8nlgsX}
{"logTime": "0906/200737", "correlationVector":"gMmTMDBoH26GB9lk8nlgsX.1","action":"SyncServerConnectionManagerRequest", "result":"SYNC_SERVER_OK", "context":{"environment":"Prod_eastus2_prod-s01-050-nam-eastus2", "migrationStage":"NotStarted", "server":"akswtt10200000r"}}
{"logTime": "0906/200737", "correlationVector":"gMmTMDBoH26GB9lk8nlgsX.2","action":"ProcessGetUpdates", "result":"Done", "context":{"dataType":"Preferences", "deleted":"0", "process_failed_to_decrypt":"0", "process_pending_decryption":"0", "process_success":"4", "total":"4"}}
{"logTime": "0906/200737", "correlationVector":"gMmTMDBoH26GB9lk8nlgsX.3","action":"ProcessGetUpdates", "result":"Done", "context":{"dataType":"Passwords", "deleted":"0", "process_failed_to_decrypt":"0", "process_pending_decryption":"0", "process_success":"2", "total":"2"}}
{"logTime": "0906/200737", "correlationVector":"gMmTMDBoH26GB9lk8nlgsX.4","action":"ProcessGetUpdates", "result":"Done", "context":{"dataType":"Device Info", "deleted":"0", "process_failed_to_decrypt":"0", "process_pending_decryption":"0", "process_success":"1", "total":"1"}}
{"logTime": "0906/200737", "correlationVector":"gMmTMDBoH26GB9lk8nlgsX.5","action":"GetUpdates Response", "result":"Success", "context":Received 7 update(s). cV=gMmTMDBoH26GB9lk8nlgsX.0;server=akswtt10200000r;cloudType=Consumer;environment=Prod_eastus2_prod-s01-050-nam-eastus2;migrationStage=NotStarted}
{"logTime": "0906/200737", "correlationVector":"W6nfCgGy7FOjp8w+kCGSPO","action":"Initial GetUpdates", "result":"", "context":Reason: NEWLY_SUPPORTED_DATATYPE. cV=W6nfCgGy7FOjp8w+kCGSPO}
{"logTime": "0906/200737", "correlationVector":"W6nfCgGy7FOjp8w+kCGSPO.1","action":"SyncServerConnectionManagerRequest", "result":"SYNC_SERVER_OK", "context":{"environment":"Prod_eastus2_prod-s01-050-nam-eastus2", "migrationStage":"NotStarted", "server":"akswtt102000004"}}
{"logTime": "0906/200737", "correlationVector":"W6nfCgGy7FOjp8w+kCGSPO.2","action":"ProcessGetUpdates", "result":"Done", "context":{"dataType":"Bookmarks", "deleted":"12", "process_failed_to_decrypt":"0", "process_pending_decryption":"0", "process_success":"63", "total":"63"}}
{"logTime": "0906/200737", "correlationVector":"W6nfCgGy7FOjp8w+kCGSPO.3","action":"GetUpdates Response", "result":"Success", "context":Received 63 update(s). cV=W6nfCgGy7FOjp8w+kCGSPO.0;server=akswtt102000004;cloudType=Consumer;environment=Prod_eastus2_prod-s01-050-nam-eastus2;migrationStage=NotStarted}
{"logTime": "0906/200737", "correlationVector":"VL8ChJPcuIQh1J6Yo2hFzi","action":"Initial GetUpdates", "result":"", "context":Reason: NEWLY_SUPPORTED_DATATYPE. cV=VL8ChJPcuIQh1J6Yo2hFzi}
{"logTime": "0906/200738", "correlationVector":"VL8ChJPcuIQh1J6Yo2hFzi.1","action":"SyncServerConnectionManagerRequest", "result":"SYNC_SERVER_OK", "context":{"environment":"Prod_eastus2_prod-s01-050-nam-eastus2", "migrationStage":"NotStarted", "server":"akswtt10200000z"}}
{"logTime": "0906/200738", "correlationVector":"VL8ChJPcuIQh1J6Yo2hFzi.2","action":"ProcessGetUpdates", "result":"Done", "context":{"dataType":"Autofill Profiles", "deleted":"0", "process_failed_to_decrypt":"0", "process_pending_decryption":"0", "process_success":"29", "total":"29"}}
{"logTime": "0906/200738", "correlationVector":"VL8ChJPcuIQh1J6Yo2hFzi.3","action":"ProcessGetUpdates", "result":"Done", "context":{"dataType":"Autofill", "deleted":"0", "process_failed_to_decrypt":"0", "process_pending_decryption":"0", "process_success":"216", "total":"216"}}
{"logTime": "0906/200738", "correlationVector":"VL8ChJPcuIQh1J6Yo2hFzi.4","action":"ProcessGetUpdates", "result":"Done", "context":{"dataType":"Extensions", "deleted":"0", "process_failed_to_decrypt":"0", "process_pending_decryption":"0", "process_success":"2", "total":"2"}}
{"logTime": "0906/200738", "correlationVector":"VL8ChJPcuIQh1J6Yo2hFzi.5","action":"ProcessGetUpdates", "result":"Done", "context":{"dataType":"Collection", "deleted":"0", "process_failed_to_decrypt":"0", "process_pending_decryption":"0", "process_success":"3", "total":"3"}}
{"logTime": "0906/200738", "correlationVector":"VL8ChJPcuIQh1J6Yo2hFzi.6","action":"GetUpdates Response", "result":"Success", "context":Received 250 update(s). cV=VL8ChJPcuIQh1J6Yo2hFzi.0;server=akswtt10200000z;cloudType=Consumer;environment=Prod_eastus2_prod-s01-050-nam-eastus2;migrationStage=NotStarted Some updates remain.}
{"logTime": "0906/200738", "correlationVector":"w35x/zovOXig4AnUTVyxXk","action":"Initial GetUpdates", "result":"", "context":Reason: NEWLY_SUPPORTED_DATATYPE. cV=w35x/zovOXig4AnUTVyxXk}
{"logTime": "0906/200738", "correlationVector":"w35x/zovOXig4AnUTVyxXk.1","action":"SyncServerConnectionManagerRequest", "result":"SYNC_SERVER_OK", "context":{"environment":"Prod_eastus2_prod-s01-050-nam-eastus2", "migrationStage":"NotStarted", "server":"akswtt102000002"}}
{"logTime": "0906/200738", "correlationVector":"w35x/zovOXig4AnUTVyxXk.2","action":"ProcessGetUpdates", "result":"Done", "context":{"dataType":"Autofill", "deleted":"0", "process_failed_to_decrypt":"0", "process_pending_decryption":"0", "process_success":"250", "total":"250"}}
{"logTime": "0906/200738", "correlationVector":"w35x/zovOXig4AnUTVyxXk.3","action":"GetUpdates Response", "result":"Success", "context":Received 250 update(s). cV=w35x/zovOXig4AnUTVyxXk.0;server=akswtt102000002;cloudType=Consumer;environment=Prod_eastus2_prod-s01-050-nam-eastus2;migrationStage=NotStarted Some updates remain.}
{"logTime": "0906/200738", "correlationVector":"e10FmDwLv5X5F1ej9IL4Lg","action":"Initial GetUpdates", "result":"", "context":Reason: NEWLY_SUPPORTED_DATATYPE. cV=e10FmDwLv5X5F1ej9IL4Lg}
{"logTime": "0906/200739", "correlationVector":"e10FmDwLv5X5F1ej9IL4Lg.1","action":"SyncServerConnectionManagerRequest", "result":"SYNC_SERVER_OK", "context":{"environment":"Prod_eastus2_prod-s01-050-nam-eastus2", "migrationStage":"NotStarted", "server":"akswtt10200000q"}}
{"logTime": "0906/200739", "correlationVector":"e10FmDwLv5X5F1ej9IL4Lg.2","action":"ProcessGetUpdates", "result":"Done", "context":{"dataType":"Autofill", "deleted":"0", "process_failed_to_decrypt":"0", "process_pending_decryption":"0", "process_success":"250", "total":"250"}}
{"logTime": "0906/200739", "correlationVector":"e10FmDwLv5X5F1ej9IL4Lg.3","action":"GetUpdates Response", "result":"Success", "context":Received 250 update(s). cV=e10FmDwLv5X5F1ej9IL4Lg.0;server=akswtt10200000q;cloudType=Consumer;environment=Prod_eastus2_prod-s01-050-nam-eastus2;migrationStage=NotStarted Some updates remain.}
{"logTime": "0906/200739", "correlationVector":"P9856xWY+Gi6LxFj7C64n5","action":"Initial GetUpdates", "result":"", "context":Reason: NEWLY_SUPPORTED_DATATYPE. cV=P9856xWY+Gi6LxFj7C64n5}
{"logTime": "0906/200739", "correlationVector":"P9856xWY+Gi6LxFj7C64n5.1","action":"SyncServerConnectionManagerRequest", "result":"SYNC_SERVER_OK", "context":{"environment":"Prod_eastus2_prod-s01-050-nam-eastus2", "migrationStage":"NotStarted", "server":"akswtt10200000m"}}
{"logTime": "0906/200739", "correlationVector":"P9856xWY+Gi6LxFj7C64n5.2","action":"ProcessGetUpdates", "result":"Done", "context":{"dataType":"Autofill Profiles", "deleted":"0", "process_failed_to_decrypt":"0", "process_pending_decryption":"0", "process_success":"17", "total":"17"}}
{"logTime": "0906/200739", "correlationVector":"P9856xWY+Gi6LxFj7C64n5.3","action":"ProcessGetUpdates", "result":"Done", "context":{"dataType":"Autofill", "deleted":"0", "process_failed_to_decrypt":"0", "process_pending_decryption":"0", "process_success":"233", "total":"233"}}
{"logTime": "0906/200739", "correlationVector":"P9856xWY+Gi6LxFj7C64n5.4","action":"GetUpdates Response", "result":"Success", "context":Received 250 update(s). cV=P9856xWY+Gi6LxFj7C64n5.0;server=akswtt10200000m;cloudType=Consumer;environment=Prod_eastus2_prod-s01-050-nam-eastus2;migrationStage=NotStarted Some updates remain.}
{"logTime": "0906/200739", "correlationVector":"1wqyx56PQJMxbJwHGz5dxh","action":"Initial GetUpdates", "result":"", "context":Reason: NEWLY_SUPPORTED_DATATYPE. cV=1wqyx56PQJMxbJwHGz5dxh}
{"logTime": "0906/200740", "correlationVector":"1wqyx56PQJMxbJwHGz5dxh.1","action":"SyncServerConnectionManagerRequest", "result":"SYNC_SERVER_OK", "context":{"environment":"Prod_eastus2_prod-s01-050-nam-eastus2", "migrationStage":"NotStarted", "server":"akswtt102000004"}}
{"logTime": "0906/200740", "correlationVector":"1wqyx56PQJMxbJwHGz5dxh.2","action":"ProcessGetUpdates", "result":"Done", "context":{"dataType":"Autofill Profiles", "deleted":"12", "process_failed_to_decrypt":"0", "process_pending_decryption":"0", "process_success":"25", "total":"25"}}
{"logTime": "0906/200740", "correlationVector":"1wqyx56PQJMxbJwHGz5dxh.3","action":"ProcessGetUpdates", "result":"Done", "context":{"dataType":"Autofill", "deleted":"0", "process_failed_to_decrypt":"0", "process_pending_decryption":"0", "process_success":"93", "total":"93"}}
{"logTime": "0906/200740", "correlationVector":"1wqyx56PQJMxbJwHGz5dxh.4","action":"ProcessGetUpdates", "result":"Done", "context":{"dataType":"Sessions", "deleted":"114", "process_failed_to_decrypt":"0", "process_pending_decryption":"0", "process_success":"114", "total":"114"}}
{"logTime": "0906/200740", "correlationVector":"1wqyx56PQJMxbJwHGz5dxh.5","action":"ProcessGetUpdates", "result":"Done", "context":{"dataType":"Edge Hub App Usage", "deleted":"0", "process_failed_to_decrypt":"0", "process_pending_decryption":"0", "process_success":"18", "total":"18"}}
{"logTime": "0906/200740", "correlationVector":"1wqyx56PQJMxbJwHGz5dxh.6","action":"GetUpdates Response", "result":"Success", "context":Received 250 update(s). cV=1wqyx56PQJMxbJwHGz5dxh.0;server=akswtt102000004;cloudType=Consumer;environment=Prod_eastus2_prod-s01-050-nam-eastus2;migrationStage=NotStarted Some updates remain.}
{"logTime": "0906/200740", "correlationVector":"jn77/P0LtF3vJ2Rq6QG7fn","action":"Initial GetUpdates", "result":"", "context":Reason: NEWLY_SUPPORTED_DATATYPE. cV=jn77/P0LtF3vJ2Rq6QG7fn}
{"logTime": "0906/200742", "correlationVector":"jn77/P0LtF3vJ2Rq6QG7fn.1","action":"SyncServerConnectionManagerRequest", "result":"SYNC_SERVER_OK", "context":{"environment":"Prod_eastus2_prod-s01-050-nam-eastus2", "migrationStage":"NotStarted", "server":"akswtt10200000v"}}
{"logTime": "0906/200742", "correlationVector":"jn77/P0LtF3vJ2Rq6QG7fn.2","action":"ProcessGetUpdates", "result":"Done", "context":{"dataType":"Autofill Profiles", "deleted":"3", "process_failed_to_decrypt":"0", "process_pending_decryption":"0", "process_success":"9", "total":"9"}}
{"logTime": "0906/200742", "correlationVector":"jn77/P0LtF3vJ2Rq6QG7fn.3","action":"ProcessGetUpdates", "result":"Done", "context":{"dataType":"Autofill", "deleted":"0", "process_failed_to_decrypt":"0", "process_pending_decryption":"0", "process_success":"106", "total":"106"}}
{"logTime": "0906/200742", "correlationVector":"jn77/P0LtF3vJ2Rq6QG7fn.4","action":"ProcessGetUpdates", "result":"Done", "context":{"dataType":"Sessions", "deleted":"120", "process_failed_to_decrypt":"0", "process_pending_decryption":"0", "process_success":"120", "total":"120"}}
{"logTime": "0906/200742", "correlationVector":"jn77/P0LtF3vJ2Rq6QG7fn.5","action":"ProcessGetUpdates", "result":"Done", "context":{"dataType":"Edge Hub App Usage", "deleted":"0", "process_failed_to_decrypt":"0", "process_pending_decryption":"0", "process_success":"15", "total":"15"}}
{"logTime": "0906/200742", "correlationVector":"jn77/P0LtF3vJ2Rq6QG7fn.6","action":"GetUpdates Response", "result":"Success", "context":Received 250 update(s). cV=jn77/P0LtF3vJ2Rq6QG7fn.0;server=akswtt10200000v;cloudType=Consumer;environment=Prod_eastus2_prod-s01-050-nam-eastus2;migrationStage=NotStarted Some updates remain.}
{"logTime": "0906/200742", "correlationVector":"Pnfzjrgd4Dc5XDkVQ6XvIU","action":"Initial GetUpdates", "result":"", "context":Reason: NEWLY_SUPPORTED_DATATYPE. cV=Pnfzjrgd4Dc5XDkVQ6XvIU}
{"logTime": "0906/200743", "correlationVector":"Pnfzjrgd4Dc5XDkVQ6XvIU.1","action":"SyncServerConnectionManagerRequest", "result":"SYNC_SERVER_OK", "context":{"environment":"Prod_eastus2_prod-s01-050-nam-eastus2", "migrationStage":"NotStarted", "server":"akswtt10200000m"}}
{"logTime": "0906/200743", "correlationVector":"Pnfzjrgd4Dc5XDkVQ6XvIU.2","action":"ProcessGetUpdates", "result":"Done", "context":{"dataType":"Autofill Profiles", "deleted":"0", "process_failed_to_decrypt":"0", "process_pending_decryption":"0", "process_success":"7", "total":"7"}}
{"logTime": "0906/200743", "correlationVector":"Pnfzjrgd4Dc5XDkVQ6XvIU.3","action":"ProcessGetUpdates", "result":"Done", "context":{"dataType":"Autofill", "deleted":"0", "process_failed_to_decrypt":"0", "process_pending_decryption":"0", "process_success":"35", "total":"35"}}
{"logTime": "0906/200743", "correlationVector":"Pnfzjrgd4Dc5XDkVQ6XvIU.4","action":"ProcessGetUpdates", "result":"Done", "context":{"dataType":"Sessions", "deleted":"203", "process_failed_to_decrypt":"0", "process_pending_decryption":"0", "process_success":"203", "total":"203"}}
{"logTime": "0906/200743", "correlationVector":"Pnfzjrgd4Dc5XDkVQ6XvIU.5","action":"ProcessGetUpdates", "result":"Done", "context":{"dataType":"Edge Hub App Usage", "deleted":"1", "process_failed_to_decrypt":"0", "process_pending_decryption":"0", "process_success":"5", "total":"5"}}
{"logTime": "0906/200743", "correlationVector":"Pnfzjrgd4Dc5XDkVQ6XvIU.6","action":"GetUpdates Response", "result":"Success", "context":Received 250 update(s). cV=Pnfzjrgd4Dc5XDkVQ6XvIU.0;server=akswtt10200000m;cloudType=Consumer;environment=Prod_eastus2_prod-s01-050-nam-eastus2;migrationStage=NotStarted Some updates remain.}
{"logTime": "0906/200743", "correlationVector":"fwV1xxANexGFNJ3sQyZuDm","action":"Initial GetUpdates", "result":"", "context":Reason: NEWLY_SUPPORTED_DATATYPE. cV=fwV1xxANexGFNJ3sQyZuDm}
{"logTime": "0906/200745", "correlationVector":"fwV1xxANexGFNJ3sQyZuDm.1","action":"SyncServerConnectionManagerRequest", "result":"SYNC_SERVER_OK", "context":{"environment":"Prod_eastus2_prod-s01-050-nam-eastus2", "migrationStage":"NotStarted", "server":"akswtt10200000l"}}
{"logTime": "0906/200745", "correlationVector":"fwV1xxANexGFNJ3sQyZuDm.2","action":"ProcessGetUpdates", "result":"Done", "context":{"dataType":"Autofill Profiles", "deleted":"2", "process_failed_to_decrypt":"0", "process_pending_decryption":"0", "process_success":"6", "total":"6"}}
{"logTime": "0906/200745", "correlationVector":"fwV1xxANexGFNJ3sQyZuDm.3","action":"ProcessGetUpdates", "result":"Done", "context":{"dataType":"Autofill", "deleted":"0", "process_failed_to_decrypt":"0", "process_pending_decryption":"0", "process_success":"11", "total":"11"}}
{"logTime": "0906/200745", "correlationVector":"fwV1xxANexGFNJ3sQyZuDm.4","action":"ProcessGetUpdates", "result":"Done", "context":{"dataType":"Extensions", "deleted":"0", "process_failed_to_decrypt":"0", "process_pending_decryption":"0", "process_success":"1", "total":"1"}}
{"logTime": "0906/200745", "correlationVector":"fwV1xxANexGFNJ3sQyZuDm.5","action":"ProcessGetUpdates", "result":"Done", "context":{"dataType":"Sessions", "deleted":"224", "process_failed_to_decrypt":"0", "process_pending_decryption":"0", "process_success":"224", "total":"224"}}
{"logTime": "0906/200745", "correlationVector":"fwV1xxANexGFNJ3sQyZuDm.6","action":"ProcessGetUpdates", "result":"Done", "context":{"dataType":"Edge Hub App Usage", "deleted":"0", "process_failed_to_decrypt":"0", "process_pending_decryption":"0", "process_success":"8", "total":"8"}}
{"logTime": "0906/200745", "correlationVector":"fwV1xxANexGFNJ3sQyZuDm.7","action":"GetUpdates Response", "result":"Success", "context":Received 250 update(s). cV=fwV1xxANexGFNJ3sQyZuDm.0;server=akswtt10200000l;cloudType=Consumer;environment=Prod_eastus2_prod-s01-050-nam-eastus2;migrationStage=NotStarted Some updates remain.}
{"logTime": "0906/200745", "correlationVector":"gETpffX7qB56b8ab7pDt/v","action":"Initial GetUpdates", "result":"", "context":Reason: NEWLY_SUPPORTED_DATATYPE. cV=gETpffX7qB56b8ab7pDt/v}
{"logTime": "0906/200746", "correlationVector":"gETpffX7qB56b8ab7pDt/v.1","action":"SyncServerConnectionManagerRequest", "result":"SYNC_SERVER_OK", "context":{"environment":"Prod_eastus2_prod-s01-050-nam-eastus2", "migrationStage":"NotStarted", "server":"akswtt10200000m"}}
{"logTime": "0906/200746", "correlationVector":"gETpffX7qB56b8ab7pDt/v.2","action":"ProcessGetUpdates", "result":"Done", "context":{"dataType":"Autofill Profiles", "deleted":"8", "process_failed_to_decrypt":"0", "process_pending_decryption":"0", "process_success":"11", "total":"11"}}
{"logTime": "0906/200746", "correlationVector":"gETpffX7qB56b8ab7pDt/v.3","action":"ProcessGetUpdates", "result":"Done", "context":{"dataType":"Autofill", "deleted":"0", "process_failed_to_decrypt":"0", "process_pending_decryption":"0", "process_success":"22", "total":"22"}}
{"logTime": "0906/200746", "correlationVector":"gETpffX7qB56b8ab7pDt/v.4","action":"ProcessGetUpdates", "result":"Done", "context":{"dataType":"Sessions", "deleted":"208", "process_failed_to_decrypt":"0", "process_pending_decryption":"0", "process_success":"208", "total":"208"}}
{"logTime": "0906/200746", "correlationVector":"gETpffX7qB56b8ab7pDt/v.5","action":"ProcessGetUpdates", "result":"Done", "context":{"dataType":"Edge Hub App Usage", "deleted":"5", "process_failed_to_decrypt":"0", "process_pending_decryption":"0", "process_success":"9", "total":"9"}}
{"logTime": "0906/200746", "correlationVector":"gETpffX7qB56b8ab7pDt/v.6","action":"GetUpdates Response", "result":"Success", "context":Received 250 update(s). cV=gETpffX7qB56b8ab7pDt/v.0;server=akswtt10200000m;cloudType=Consumer;environment=Prod_eastus2_prod-s01-050-nam-eastus2;migrationStage=NotStarted Some updates remain.}
{"logTime": "0906/200746", "correlationVector":"rdZUJf1h1Ly0+DQiv67yxC","action":"Initial GetUpdates", "result":"", "context":Reason: NEWLY_SUPPORTED_DATATYPE. cV=rdZUJf1h1Ly0+DQiv67yxC}
{"logTime": "0906/200747", "correlationVector":"rdZUJf1h1Ly0+DQiv67yxC.1","action":"SyncServerConnectionManagerRequest", "result":"SYNC_SERVER_OK", "context":{"environment":"Prod_eastus2_prod-s01-050-nam-eastus2", "migrationStage":"NotStarted", "server":"akswtt10200001b"}}
{"logTime": "0906/200747", "correlationVector":"rdZUJf1h1Ly0+DQiv67yxC.2","action":"ProcessGetUpdates", "result":"Done", "context":{"dataType":"Autofill Profiles", "deleted":"5", "process_failed_to_decrypt":"0", "process_pending_decryption":"0", "process_success":"9", "total":"9"}}
{"logTime": "0906/200747", "correlationVector":"rdZUJf1h1Ly0+DQiv67yxC.3","action":"ProcessGetUpdates", "result":"Done", "context":{"dataType":"Autofill", "deleted":"0", "process_failed_to_decrypt":"0", "process_pending_decryption":"0", "process_success":"12", "total":"12"}}
{"logTime": "0906/200747", "correlationVector":"rdZUJf1h1Ly0+DQiv67yxC.4","action":"ProcessGetUpdates", "result":"Done", "context":{"dataType":"Sessions", "deleted":"219", "process_failed_to_decrypt":"0", "process_pending_decryption":"0", "process_success":"219", "total":"219"}}
{"logTime": "0906/200747", "correlationVector":"rdZUJf1h1Ly0+DQiv67yxC.5","action":"ProcessGetUpdates", "result":"Done", "context":{"dataType":"Edge Hub App Usage", "deleted":"5", "process_failed_to_decrypt":"0", "process_pending_decryption":"0", "process_success":"10", "total":"10"}}
{"logTime": "0906/200747", "correlationVector":"rdZUJf1h1Ly0+DQiv67yxC.6","action":"GetUpdates Response", "result":"Success", "context":Received 250 update(s). cV=rdZUJf1h1Ly0+DQiv67yxC.0;server=akswtt10200001b;cloudType=Consumer;environment=Prod_eastus2_prod-s01-050-nam-eastus2;migrationStage=NotStarted Some updates remain.}
{"logTime": "0906/200747", "correlationVector":"bZLNMta/Uf//R7WQAyJVZa","action":"Initial GetUpdates", "result":"", "context":Reason: NEWLY_SUPPORTED_DATATYPE. cV=bZLNMta/Uf//R7WQAyJVZa}
{"logTime": "0906/200748", "correlationVector":"bZLNMta/Uf//R7WQAyJVZa.1","action":"SyncServerConnectionManagerRequest", "result":"SYNC_SERVER_OK", "context":{"environment":"Prod_eastus2_prod-s01-050-nam-eastus2", "migrationStage":"NotStarted", "server":"akswtt10200000v"}}
{"logTime": "0906/200748", "correlationVector":"bZLNMta/Uf//R7WQAyJVZa.2","action":"ProcessGetUpdates", "result":"Done", "context":{"dataType":"Autofill Profiles", "deleted":"0", "process_failed_to_decrypt":"0", "process_pending_decryption":"0", "process_success":"4", "total":"4"}}
{"logTime": "0906/200748", "correlationVector":"bZLNMta/Uf//R7WQAyJVZa.3","action":"ProcessGetUpdates", "result":"Done", "context":{"dataType":"Autofill", "deleted":"0", "process_failed_to_decrypt":"0", "process_pending_decryption":"0", "process_success":"63", "total":"63"}}
{"logTime": "0906/200748", "correlationVector":"bZLNMta/Uf//R7WQAyJVZa.4","action":"ProcessGetUpdates", "result":"Done", "context":{"dataType":"Extensions", "deleted":"1", "process_failed_to_decrypt":"0", "process_pending_decryption":"0", "process_success":"1", "total":"1"}}
{"logTime": "0906/200748", "correlationVector":"bZLNMta/Uf//R7WQAyJVZa.5","action":"ProcessGetUpdates", "result":"Done", "context":{"dataType":"Sessions", "deleted":"157", "process_failed_to_decrypt":"0", "process_pending_decryption":"0", "process_success":"157", "total":"157"}}
{"logTime": "0906/200748", "correlationVector":"bZLNMta/Uf//R7WQAyJVZa.6","action":"ProcessGetUpdates", "result":"Done", "context":{"dataType":"History Delete Directives", "deleted":"0", "process_failed_to_decrypt":"0", "process_pending_decryption":"0", "process_success":"1", "total":"1"}}
{"logTime": "0906/200748", "correlationVector":"bZLNMta/Uf//R7WQAyJVZa.7","action":"ProcessGetUpdates", "result":"Done", "context":{"dataType":"Edge Hub App Usage", "deleted":"10", "process_failed_to_decrypt":"0", "process_pending_decryption":"0", "process_success":"24", "total":"24"}}
{"logTime": "0906/200748", "correlationVector":"bZLNMta/Uf//R7WQAyJVZa.8","action":"GetUpdates Response", "result":"Success", "context":Received 250 update(s). cV=bZLNMta/Uf//R7WQAyJVZa.0;server=akswtt10200000v;cloudType=Consumer;environment=Prod_eastus2_prod-s01-050-nam-eastus2;migrationStage=NotStarted Some updates remain.}
{"logTime": "0906/200748", "correlationVector":"hZ7R4y1/BjHicGVCHV91PF","action":"Initial GetUpdates", "result":"", "context":Reason: NEWLY_SUPPORTED_DATATYPE. cV=hZ7R4y1/BjHicGVCHV91PF}
{"logTime": "0906/200748", "correlationVector":"hZ7R4y1/BjHicGVCHV91PF.1","action":"SyncServerConnectionManagerRequest", "result":"SYNC_SERVER_OK", "context":{"environment":"Prod_eastus2_prod-s01-050-nam-eastus2", "migrationStage":"NotStarted", "server":"akswtt102000016"}}
{"logTime": "0906/200748", "correlationVector":"hZ7R4y1/BjHicGVCHV91PF.2","action":"ProcessGetUpdates", "result":"Done", "context":{"dataType":"Autofill Profiles", "deleted":"0", "process_failed_to_decrypt":"0", "process_pending_decryption":"0", "process_success":"2", "total":"2"}}
{"logTime": "0906/200748", "correlationVector":"hZ7R4y1/BjHicGVCHV91PF.3","action":"ProcessGetUpdates", "result":"Done", "context":{"dataType":"Autofill", "deleted":"0", "process_failed_to_decrypt":"0", "process_pending_decryption":"0", "process_success":"36", "total":"36"}}
{"logTime": "0906/200748", "correlationVector":"hZ7R4y1/BjHicGVCHV91PF.4","action":"ProcessGetUpdates", "result":"Done", "context":{"dataType":"Sessions", "deleted":"179", "process_failed_to_decrypt":"0", "process_pending_decryption":"0", "process_success":"179", "total":"179"}}
{"logTime": "0906/200748", "correlationVector":"hZ7R4y1/BjHicGVCHV91PF.5","action":"ProcessGetUpdates", "result":"Done", "context":{"dataType":"History Delete Directives", "deleted":"0", "process_failed_to_decrypt":"0", "process_pending_decryption":"0", "process_success":"1", "total":"1"}}
{"logTime": "0906/200748", "correlationVector":"hZ7R4y1/BjHicGVCHV91PF.6","action":"ProcessGetUpdates", "result":"Done", "context":{"dataType":"Edge Hub App Usage", "deleted":"24", "process_failed_to_decrypt":"0", "process_pending_decryption":"0", "process_success":"32", "total":"32"}}
{"logTime": "0906/200748", "correlationVector":"hZ7R4y1/BjHicGVCHV91PF.7","action":"GetUpdates Response", "result":"Success", "context":Received 250 update(s). cV=hZ7R4y1/BjHicGVCHV91PF.0;server=akswtt102000016;cloudType=Consumer;environment=Prod_eastus2_prod-s01-050-nam-eastus2;migrationStage=NotStarted Some updates remain.}
{"logTime": "0906/200748", "correlationVector":"p/zjKBs5jtdWCuJC5gnI4c","action":"Initial GetUpdates", "result":"", "context":Reason: NEWLY_SUPPORTED_DATATYPE. cV=p/zjKBs5jtdWCuJC5gnI4c}
{"logTime": "0906/200749", "correlationVector":"p/zjKBs5jtdWCuJC5gnI4c.1","action":"SyncServerConnectionManagerRequest", "result":"SYNC_SERVER_OK", "context":{"environment":"Prod_eastus2_prod-s01-050-nam-eastus2", "migrationStage":"NotStarted", "server":"akswtt102000012"}}
{"logTime": "0906/200749", "correlationVector":"p/zjKBs5jtdWCuJC5gnI4c.2","action":"ProcessGetUpdates", "result":"Done", "context":{"dataType":"Autofill Profiles", "deleted":"1", "process_failed_to_decrypt":"0", "process_pending_decryption":"0", "process_success":"6", "total":"6"}}
{"logTime": "0906/200749", "correlationVector":"p/zjKBs5jtdWCuJC5gnI4c.3","action":"ProcessGetUpdates", "result":"Done", "context":{"dataType":"Autofill", "deleted":"0", "process_failed_to_decrypt":"0", "process_pending_decryption":"0", "process_success":"38", "total":"38"}}
{"logTime": "0906/200749", "correlationVector":"p/zjKBs5jtdWCuJC5gnI4c.4","action":"ProcessGetUpdates", "result":"Done", "context":{"dataType":"Extensions", "deleted":"0", "process_failed_to_decrypt":"0", "process_pending_decryption":"0", "process_success":"2", "total":"2"}}
{"logTime": "0906/200749", "correlationVector":"p/zjKBs5jtdWCuJC5gnI4c.5","action":"ProcessGetUpdates", "result":"Done", "context":{"dataType":"Sessions", "deleted":"189", "process_failed_to_decrypt":"0", "process_pending_decryption":"0", "process_success":"189", "total":"189"}}
{"logTime": "0906/200749", "correlationVector":"p/zjKBs5jtdWCuJC5gnI4c.6","action":"ProcessGetUpdates", "result":"Done", "context":{"dataType":"Edge Hub App Usage", "deleted":"9", "process_failed_to_decrypt":"0", "process_pending_decryption":"0", "process_success":"15", "total":"15"}}
{"logTime": "0906/200749", "correlationVector":"p/zjKBs5jtdWCuJC5gnI4c.7","action":"GetUpdates Response", "result":"Success", "context":Received 250 update(s). cV=p/zjKBs5jtdWCuJC5gnI4c.0;server=akswtt102000012;cloudType=Consumer;environment=Prod_eastus2_prod-s01-050-nam-eastus2;migrationStage=NotStarted Some updates remain.}
{"logTime": "0906/200749", "correlationVector":"EygLZEIqpuamyjy5cQrrBG","action":"Initial GetUpdates", "result":"", "context":Reason: NEWLY_SUPPORTED_DATATYPE. cV=EygLZEIqpuamyjy5cQrrBG}
{"logTime": "0906/200749", "correlationVector":"EygLZEIqpuamyjy5cQrrBG.1","action":"SyncServerConnectionManagerRequest", "result":"SYNC_SERVER_OK", "context":{"environment":"Prod_eastus2_prod-s01-050-nam-eastus2", "migrationStage":"NotStarted", "server":"akswtt10200000q"}}
{"logTime": "0906/200749", "correlationVector":"EygLZEIqpuamyjy5cQrrBG.2","action":"ProcessGetUpdates", "result":"Done", "context":{"dataType":"Autofill Profiles", "deleted":"0", "process_failed_to_decrypt":"0", "process_pending_decryption":"0", "process_success":"1", "total":"1"}}
{"logTime": "0906/200749", "correlationVector":"EygLZEIqpuamyjy5cQrrBG.3","action":"ProcessGetUpdates", "result":"Done", "context":{"dataType":"Autofill", "deleted":"0", "process_failed_to_decrypt":"0", "process_pending_decryption":"0", "process_success":"29", "total":"29"}}
{"logTime": "0906/200749", "correlationVector":"EygLZEIqpuamyjy5cQrrBG.4","action":"ProcessGetUpdates", "result":"Done", "context":{"dataType":"Sessions", "deleted":"28", "process_failed_to_decrypt":"0", "process_pending_decryption":"0", "process_success":"41", "total":"41"}}
{"logTime": "0906/200749", "correlationVector":"EygLZEIqpuamyjy5cQrrBG.5","action":"GetUpdates Response", "result":"Success", "context":Received 71 update(s). cV=EygLZEIqpuamyjy5cQrrBG.0;server=akswtt10200000q;cloudType=Consumer;environment=Prod_eastus2_prod-s01-050-nam-eastus2;migrationStage=NotStarted}
{"logTime": "0906/200749", "correlationVector":"UN/XZ/Yv+dfJRxAYYarCdr","action":"Initial GetUpdates", "result":"", "context":Reason: NEWLY_SUPPORTED_DATATYPE. cV=UN/XZ/Yv+dfJRxAYYarCdr}
{"logTime": "0906/200749", "correlationVector":"UN/XZ/Yv+dfJRxAYYarCdr.1","action":"SyncServerConnectionManagerRequest", "result":"SYNC_SERVER_OK", "context":{"environment":"Prod_eastus2_prod-s01-050-nam-eastus2", "migrationStage":"NotStarted", "server":"akswtt102000014"}}
{"logTime": "0906/200749", "correlationVector":"UN/XZ/Yv+dfJRxAYYarCdr.2","action":"ProcessGetUpdates", "result":"Done", "context":{"dataType":"History", "deleted":"0", "process_failed_to_decrypt":"0", "process_pending_decryption":"0", "process_success":"250", "total":"250"}}
{"logTime": "0906/200749", "correlationVector":"UN/XZ/Yv+dfJRxAYYarCdr.3","action":"GetUpdates Response", "result":"Success", "context":Received 250 update(s). cV=UN/XZ/Yv+dfJRxAYYarCdr.0;server=akswtt102000014;cloudType=Consumer;environment=Prod_eastus2_prod-s01-050-nam-eastus2;migrationStage=NotStarted Some updates remain.}
{"logTime": "0906/200749", "correlationVector":"AyMWPqp+FsNTZpdeGCtJEe","action":"Initial GetUpdates", "result":"", "context":Reason: NEWLY_SUPPORTED_DATATYPE. cV=AyMWPqp+FsNTZpdeGCtJEe}
{"logTime": "0906/200750", "correlationVector":"AyMWPqp+FsNTZpdeGCtJEe.1","action":"SyncServerConnectionManagerRequest", "result":"SYNC_SERVER_OK", "context":{"environment":"Prod_eastus2_prod-s01-050-nam-eastus2", "migrationStage":"NotStarted", "server":"akswtt10200000z"}}
{"logTime": "0906/200750", "correlationVector":"AyMWPqp+FsNTZpdeGCtJEe.2","action":"ProcessGetUpdates", "result":"Done", "context":{"dataType":"History", "deleted":"0", "process_failed_to_decrypt":"0", "process_pending_decryption":"0", "process_success":"250", "total":"250"}}
{"logTime": "0906/200750", "correlationVector":"AyMWPqp+FsNTZpdeGCtJEe.3","action":"GetUpdates Response", "result":"Success", "context":Received 250 update(s). cV=AyMWPqp+FsNTZpdeGCtJEe.0;server=akswtt10200000z;cloudType=Consumer;environment=Prod_eastus2_prod-s01-050-nam-eastus2;migrationStage=NotStarted Some updates remain.}
{"logTime": "0906/200750", "correlationVector":"rBEpFa32XHMsGTX2sB9nnX","action":"Initial GetUpdates", "result":"", "context":Reason: NEWLY_SUPPORTED_DATATYPE. cV=rBEpFa32XHMsGTX2sB9nnX}
{"logTime": "0906/200750", "correlationVector":"rBEpFa32XHMsGTX2sB9nnX.1","action":"SyncServerConnectionManagerRequest", "result":"SYNC_SERVER_OK", "context":{"environment":"Prod_eastus2_prod-s01-050-nam-eastus2", "migrationStage":"NotStarted", "server":"akswtt102000000"}}
{"logTime": "0906/200750", "correlationVector":"rBEpFa32XHMsGTX2sB9nnX.2","action":"ProcessGetUpdates", "result":"Done", "context":{"dataType":"History", "deleted":"0", "process_failed_to_decrypt":"0", "process_pending_decryption":"0", "process_success":"250", "total":"250"}}
{"logTime": "0906/200750", "correlationVector":"rBEpFa32XHMsGTX2sB9nnX.3","action":"GetUpdates Response", "result":"Success", "context":Received 250 update(s). cV=rBEpFa32XHMsGTX2sB9nnX.0;server=akswtt102000000;cloudType=Consumer;environment=Prod_eastus2_prod-s01-050-nam-eastus2;migrationStage=NotStarted Some updates remain.}
{"logTime": "0906/200750", "correlationVector":"8FY2I0uXkPI7Yn6M/ypOu0","action":"Initial GetUpdates", "result":"", "context":Reason: NEWLY_SUPPORTED_DATATYPE. cV=8FY2I0uXkPI7Yn6M/ypOu0}
{"logTime": "0906/200751", "correlationVector":"8FY2I0uXkPI7Yn6M/ypOu0.1","action":"SyncServerConnectionManagerRequest", "result":"SYNC_SERVER_OK", "context":{"environment":"Prod_eastus2_prod-s01-050-nam-eastus2", "migrationStage":"NotStarted", "server":"akswtt102000017"}}
{"logTime": "0906/200751", "correlationVector":"8FY2I0uXkPI7Yn6M/ypOu0.2","action":"ProcessGetUpdates", "result":"Done", "context":{"dataType":"History", "deleted":"0", "process_failed_to_decrypt":"0", "process_pending_decryption":"0", "process_success":"250", "total":"250"}}
{"logTime": "0906/200751", "correlationVector":"8FY2I0uXkPI7Yn6M/ypOu0.3","action":"GetUpdates Response", "result":"Success", "context":Received 250 update(s). cV=8FY2I0uXkPI7Yn6M/ypOu0.0;server=akswtt102000017;cloudType=Consumer;environment=Prod_eastus2_prod-s01-050-nam-eastus2;migrationStage=NotStarted Some updates remain.}
{"logTime": "0906/200751", "correlationVector":"4O2xbP+Tenkcj5Q64TVOlk","action":"Initial GetUpdates", "result":"", "context":Reason: NEWLY_SUPPORTED_DATATYPE. cV=4O2xbP+Tenkcj5Q64TVOlk}
{"logTime": "0906/200751", "correlationVector":"4O2xbP+Tenkcj5Q64TVOlk.1","action":"SyncServerConnectionManagerRequest", "result":"SYNC_SERVER_OK", "context":{"environment":"Prod_eastus2_prod-s01-050-nam-eastus2", "migrationStage":"NotStarted", "server":"akswtt10200000m"}}
{"logTime": "0906/200751", "correlationVector":"4O2xbP+Tenkcj5Q64TVOlk.2","action":"ProcessGetUpdates", "result":"Done", "context":{"dataType":"History", "deleted":"0", "process_failed_to_decrypt":"0", "process_pending_decryption":"0", "process_success":"250", "total":"250"}}
{"logTime": "0906/200751", "correlationVector":"4O2xbP+Tenkcj5Q64TVOlk.3","action":"GetUpdates Response", "result":"Success", "context":Received 250 update(s). cV=4O2xbP+Tenkcj5Q64TVOlk.0;server=akswtt10200000m;cloudType=Consumer;environment=Prod_eastus2_prod-s01-050-nam-eastus2;migrationStage=NotStarted Some updates remain.}
{"logTime": "0906/200751", "correlationVector":"BvD2lS0YtQjAlljUZY5YGQ","action":"Initial GetUpdates", "result":"", "context":Reason: NEWLY_SUPPORTED_DATATYPE. cV=BvD2lS0YtQjAlljUZY5YGQ}
{"logTime": "0906/200752", "correlationVector":"BvD2lS0YtQjAlljUZY5YGQ.1","action":"SyncServerConnectionManagerRequest", "result":"SYNC_SERVER_OK", "context":{"environment":"Prod_eastus2_prod-s01-050-nam-eastus2", "migrationStage":"NotStarted", "server":"akswtt102000000"}}
{"logTime": "0906/200752", "correlationVector":"BvD2lS0YtQjAlljUZY5YGQ.2","action":"ProcessGetUpdates", "result":"Done", "context":{"dataType":"History", "deleted":"0", "process_failed_to_decrypt":"0", "process_pending_decryption":"0", "process_success":"250", "total":"250"}}
{"logTime": "0906/200752", "correlationVector":"BvD2lS0YtQjAlljUZY5YGQ.3","action":"GetUpdates Response", "result":"Success", "context":Received 250 update(s). cV=BvD2lS0YtQjAlljUZY5YGQ.0;server=akswtt102000000;cloudType=Consumer;environment=Prod_eastus2_prod-s01-050-nam-eastus2;migrationStage=NotStarted Some updates remain.}
{"logTime": "0906/200752", "correlationVector":"M4fjeS7ue6Q18loMzw42so","action":"Initial GetUpdates", "result":"", "context":Reason: NEWLY_SUPPORTED_DATATYPE. cV=M4fjeS7ue6Q18loMzw42so}
{"logTime": "0906/200753", "correlationVector":"M4fjeS7ue6Q18loMzw42so.1","action":"SyncServerConnectionManagerRequest", "result":"SYNC_SERVER_OK", "context":{"environment":"Prod_eastus2_prod-s01-050-nam-eastus2", "migrationStage":"NotStarted", "server":"akswtt10200000l"}}
{"logTime": "0906/200753", "correlationVector":"M4fjeS7ue6Q18loMzw42so.2","action":"ProcessGetUpdates", "result":"Done", "context":{"dataType":"History", "deleted":"0", "process_failed_to_decrypt":"0", "process_pending_decryption":"0", "process_success":"250", "total":"250"}}
{"logTime": "0906/200753", "correlationVector":"M4fjeS7ue6Q18loMzw42so.3","action":"GetUpdates Response", "result":"Success", "context":Received 250 update(s). cV=M4fjeS7ue6Q18loMzw42so.0;server=akswtt10200000l;cloudType=Consumer;environment=Prod_eastus2_prod-s01-050-nam-eastus2;migrationStage=NotStarted Some updates remain.}
{"logTime": "0906/200753", "correlationVector":"gAEKJzbwfRsgM/P5zBxESt","action":"Initial GetUpdates", "result":"", "context":Reason: NEWLY_SUPPORTED_DATATYPE. cV=gAEKJzbwfRsgM/P5zBxESt}
{"logTime": "0906/200753", "correlationVector":"gAEKJzbwfRsgM/P5zBxESt.1","action":"SyncServerConnectionManagerRequest", "result":"SYNC_SERVER_OK", "context":{"environment":"Prod_eastus2_prod-s01-050-nam-eastus2", "migrationStage":"NotStarted", "server":"akswtt10200000y"}}
{"logTime": "0906/200753", "correlationVector":"gAEKJzbwfRsgM/P5zBxESt.2","action":"ProcessGetUpdates", "result":"Done", "context":{"dataType":"History", "deleted":"0", "process_failed_to_decrypt":"0", "process_pending_decryption":"0", "process_success":"250", "total":"250"}}
{"logTime": "0906/200753", "correlationVector":"gAEKJzbwfRsgM/P5zBxESt.3","action":"GetUpdates Response", "result":"Success", "context":Received 250 update(s). cV=gAEKJzbwfRsgM/P5zBxESt.0;server=akswtt10200000y;cloudType=Consumer;environment=Prod_eastus2_prod-s01-050-nam-eastus2;migrationStage=NotStarted Some updates remain.}
{"logTime": "0906/200753", "correlationVector":"9BE+VR75l0ZoedtJtnJHN+","action":"Initial GetUpdates", "result":"", "context":Reason: NEWLY_SUPPORTED_DATATYPE. cV=9BE+VR75l0ZoedtJtnJHN+}
{"logTime": "0906/200754", "correlationVector":"9BE+VR75l0ZoedtJtnJHN+.1","action":"SyncServerConnectionManagerRequest", "result":"SYNC_SERVER_OK", "context":{"environment":"Prod_eastus2_prod-s01-050-nam-eastus2", "migrationStage":"NotStarted", "server":"akswtt10200001d"}}
{"logTime": "0906/200754", "correlationVector":"9BE+VR75l0ZoedtJtnJHN+.2","action":"ProcessGetUpdates", "result":"Done", "context":{"dataType":"History", "deleted":"0", "process_failed_to_decrypt":"0", "process_pending_decryption":"0", "process_success":"250", "total":"250"}}
{"logTime": "0906/200754", "correlationVector":"9BE+VR75l0ZoedtJtnJHN+.3","action":"GetUpdates Response", "result":"Success", "context":Received 250 update(s). cV=9BE+VR75l0ZoedtJtnJHN+.0;server=akswtt10200001d;cloudType=Consumer;environment=Prod_eastus2_prod-s01-050-nam-eastus2;migrationStage=NotStarted Some updates remain.}
{"logTime": "0906/200754", "correlationVector":"m0vO6km3btQPDQFJhJ6E9q","action":"Initial GetUpdates", "result":"", "context":Reason: NEWLY_SUPPORTED_DATATYPE. cV=m0vO6km3btQPDQFJhJ6E9q}
{"logTime": "0906/200755", "correlationVector":"m0vO6km3btQPDQFJhJ6E9q.1","action":"SyncServerConnectionManagerRequest", "result":"SYNC_SERVER_OK", "context":{"environment":"Prod_eastus2_prod-s01-050-nam-eastus2", "migrationStage":"NotStarted", "server":"akswtt10200000q"}}
{"logTime": "0906/200755", "correlationVector":"m0vO6km3btQPDQFJhJ6E9q.2","action":"ProcessGetUpdates", "result":"Done", "context":{"dataType":"History", "deleted":"0", "process_failed_to_decrypt":"0", "process_pending_decryption":"0", "process_success":"250", "total":"250"}}
{"logTime": "0906/200755", "correlationVector":"m0vO6km3btQPDQFJhJ6E9q.3","action":"GetUpdates Response", "result":"Success", "context":Received 250 update(s). cV=m0vO6km3btQPDQFJhJ6E9q.0;server=akswtt10200000q;cloudType=Consumer;environment=Prod_eastus2_prod-s01-050-nam-eastus2;migrationStage=NotStarted Some updates remain.}
{"logTime": "0906/200755", "correlationVector":"9+mqHq59FmQ6X/Cy6w6cdm","action":"Initial GetUpdates", "result":"", "context":Reason: NEWLY_SUPPORTED_DATATYPE. cV=9+mqHq59FmQ6X/Cy6w6cdm}
{"logTime": "0906/200755", "correlationVector":"9+mqHq59FmQ6X/Cy6w6cdm.1","action":"SyncServerConnectionManagerRequest", "result":"SYNC_SERVER_OK", "context":{"environment":"Prod_eastus2_prod-s01-050-nam-eastus2", "migrationStage":"NotStarted", "server":"akswtt10200000v"}}
{"logTime": "0906/200755", "correlationVector":"9+mqHq59FmQ6X/Cy6w6cdm.2","action":"ProcessGetUpdates", "result":"Done", "context":{"dataType":"History", "deleted":"0", "process_failed_to_decrypt":"0", "process_pending_decryption":"0", "process_success":"250", "total":"250"}}
{"logTime": "0906/200755", "correlationVector":"9+mqHq59FmQ6X/Cy6w6cdm.3","action":"GetUpdates Response", "result":"Success", "context":Received 250 update(s). cV=9+mqHq59FmQ6X/Cy6w6cdm.0;server=akswtt10200000v;cloudType=Consumer;environment=Prod_eastus2_prod-s01-050-nam-eastus2;migrationStage=NotStarted Some updates remain.}
{"logTime": "0906/200755", "correlationVector":"snL2tNLDq4igJtaBFIow0m","action":"Initial GetUpdates", "result":"", "context":Reason: NEWLY_SUPPORTED_DATATYPE. cV=snL2tNLDq4igJtaBFIow0m}
{"logTime": "0906/200756", "correlationVector":"snL2tNLDq4igJtaBFIow0m.1","action":"SyncServerConnectionManagerRequest", "result":"SYNC_SERVER_OK", "context":{"environment":"Prod_eastus2_prod-s01-050-nam-eastus2", "migrationStage":"NotStarted", "server":"akswtt102000002"}}
{"logTime": "0906/200756", "correlationVector":"snL2tNLDq4igJtaBFIow0m.2","action":"ProcessGetUpdates", "result":"Done", "context":{"dataType":"History", "deleted":"0", "process_failed_to_decrypt":"0", "process_pending_decryption":"0", "process_success":"250", "total":"250"}}
{"logTime": "0906/200756", "correlationVector":"snL2tNLDq4igJtaBFIow0m.3","action":"GetUpdates Response", "result":"Success", "context":Received 250 update(s). cV=snL2tNLDq4igJtaBFIow0m.0;server=akswtt102000002;cloudType=Consumer;environment=Prod_eastus2_prod-s01-050-nam-eastus2;migrationStage=NotStarted Some updates remain.}
{"logTime": "0906/200756", "correlationVector":"BKO2zuWTHBnkTUovvOT6K+","action":"Initial GetUpdates", "result":"", "context":Reason: NEWLY_SUPPORTED_DATATYPE. cV=BKO2zuWTHBnkTUovvOT6K+}
{"logTime": "0906/200758", "correlationVector":"BKO2zuWTHBnkTUovvOT6K+.1","action":"SyncServerConnectionManagerRequest", "result":"SYNC_SERVER_OK", "context":{"environment":"Prod_eastus2_prod-s01-050-nam-eastus2", "migrationStage":"NotStarted", "server":"akswtt10200001e"}}
{"logTime": "0906/200758", "correlationVector":"BKO2zuWTHBnkTUovvOT6K+.2","action":"ProcessGetUpdates", "result":"Done", "context":{"dataType":"History", "deleted":"0", "process_failed_to_decrypt":"0", "process_pending_decryption":"0", "process_success":"250", "total":"250"}}
{"logTime": "0906/200758", "correlationVector":"BKO2zuWTHBnkTUovvOT6K+.3","action":"GetUpdates Response", "result":"Success", "context":Received 250 update(s). cV=BKO2zuWTHBnkTUovvOT6K+.0;server=akswtt10200001e;cloudType=Consumer;environment=Prod_eastus2_prod-s01-050-nam-eastus2;migrationStage=NotStarted Some updates remain.}
{"logTime": "0906/200758", "correlationVector":"4ky6iqxc0uDut9fNZyiprB","action":"Initial GetUpdates", "result":"", "context":Reason: NEWLY_SUPPORTED_DATATYPE. cV=4ky6iqxc0uDut9fNZyiprB}
{"logTime": "0906/200758", "correlationVector":"4ky6iqxc0uDut9fNZyiprB.1","action":"SyncServerConnectionManagerRequest", "result":"SYNC_SERVER_OK", "context":{"environment":"Prod_eastus2_prod-s01-050-nam-eastus2", "migrationStage":"NotStarted", "server":"akswtt102000018"}}
{"logTime": "0906/200758", "correlationVector":"4ky6iqxc0uDut9fNZyiprB.2","action":"ProcessGetUpdates", "result":"Done", "context":{"dataType":"History", "deleted":"0", "process_failed_to_decrypt":"0", "process_pending_decryption":"0", "process_success":"250", "total":"250"}}
{"logTime": "0906/200758", "correlationVector":"4ky6iqxc0uDut9fNZyiprB.3","action":"GetUpdates Response", "result":"Success", "context":Received 250 update(s). cV=4ky6iqxc0uDut9fNZyiprB.0;server=akswtt102000018;cloudType=Consumer;environment=Prod_eastus2_prod-s01-050-nam-eastus2;migrationStage=NotStarted Some updates remain.}
{"logTime": "0906/200758", "correlationVector":"sP9FNaCVkpnQLQiKu+1QC8","action":"Initial GetUpdates", "result":"", "context":Reason: NEWLY_SUPPORTED_DATATYPE. cV=sP9FNaCVkpnQLQiKu+1QC8}
{"logTime": "0906/200759", "correlationVector":"sP9FNaCVkpnQLQiKu+1QC8.1","action":"SyncServerConnectionManagerRequest", "result":"SYNC_SERVER_OK", "context":{"environment":"Prod_eastus2_prod-s01-050-nam-eastus2", "migrationStage":"NotStarted", "server":"akswtt10200000m"}}
{"logTime": "0906/200759", "correlationVector":"sP9FNaCVkpnQLQiKu+1QC8.2","action":"ProcessGetUpdates", "result":"Done", "context":{"dataType":"History", "deleted":"0", "process_failed_to_decrypt":"0", "process_pending_decryption":"0", "process_success":"250", "total":"250"}}
{"logTime": "0906/200759", "correlationVector":"sP9FNaCVkpnQLQiKu+1QC8.3","action":"GetUpdates Response", "result":"Success", "context":Received 250 update(s). cV=sP9FNaCVkpnQLQiKu+1QC8.0;server=akswtt10200000m;cloudType=Consumer;environment=Prod_eastus2_prod-s01-050-nam-eastus2;migrationStage=NotStarted Some updates remain.}
{"logTime": "0906/200759", "correlationVector":"cxJDmOZNgiSY2Dz0xconGM","action":"Initial GetUpdates", "result":"", "context":Reason: NEWLY_SUPPORTED_DATATYPE. cV=cxJDmOZNgiSY2Dz0xconGM}
{"logTime": "0906/200759", "correlationVector":"cxJDmOZNgiSY2Dz0xconGM.1","action":"SyncServerConnectionManagerRequest", "result":"SYNC_SERVER_OK", "context":{"environment":"Prod_eastus2_prod-s01-050-nam-eastus2", "migrationStage":"NotStarted", "server":"akswtt10200000f"}}
{"logTime": "0906/200759", "correlationVector":"cxJDmOZNgiSY2Dz0xconGM.2","action":"ProcessGetUpdates", "result":"Done", "context":{"dataType":"History", "deleted":"0", "process_failed_to_decrypt":"0", "process_pending_decryption":"0", "process_success":"250", "total":"250"}}
{"logTime": "0906/200759", "correlationVector":"cxJDmOZNgiSY2Dz0xconGM.3","action":"GetUpdates Response", "result":"Success", "context":Received 250 update(s). cV=cxJDmOZNgiSY2Dz0xconGM.0;server=akswtt10200000f;cloudType=Consumer;environment=Prod_eastus2_prod-s01-050-nam-eastus2;migrationStage=NotStarted Some updates remain.}
{"logTime": "0906/200759", "correlationVector":"tzcDJepQM8FogS930yJj+R","action":"Initial GetUpdates", "result":"", "context":Reason: NEWLY_SUPPORTED_DATATYPE. cV=tzcDJepQM8FogS930yJj+R}
{"logTime": "0906/200759", "correlationVector":"tzcDJepQM8FogS930yJj+R.1","action":"SyncServerConnectionManagerRequest", "result":"SYNC_SERVER_OK", "context":{"environment":"Prod_eastus2_prod-s01-050-nam-eastus2", "migrationStage":"NotStarted", "server":"akswtt102000002"}}
{"logTime": "0906/200759", "correlationVector":"tzcDJepQM8FogS930yJj+R.2","action":"ProcessGetUpdates", "result":"Done", "context":{"dataType":"History", "deleted":"0", "process_failed_to_decrypt":"0", "process_pending_decryption":"0", "process_success":"250", "total":"250"}}
{"logTime": "0906/200759", "correlationVector":"tzcDJepQM8FogS930yJj+R.3","action":"GetUpdates Response", "result":"Success", "context":Received 250 update(s). cV=tzcDJepQM8FogS930yJj+R.0;server=akswtt102000002;cloudType=Consumer;environment=Prod_eastus2_prod-s01-050-nam-eastus2;migrationStage=NotStarted Some updates remain.}
{"logTime": "0906/200759", "correlationVector":"3YkJwcWzuavkc4Pfe1Yy+X","action":"Initial GetUpdates", "result":"", "context":Reason: NEWLY_SUPPORTED_DATATYPE. cV=3YkJwcWzuavkc4Pfe1Yy+X}
{"logTime": "0906/200800", "correlationVector":"3YkJwcWzuavkc4Pfe1Yy+X.1","action":"SyncServerConnectionManagerRequest", "result":"SYNC_SERVER_OK", "context":{"environment":"Prod_eastus2_prod-s01-050-nam-eastus2", "migrationStage":"NotStarted", "server":"akswtt102000017"}}
{"logTime": "0906/200800", "correlationVector":"3YkJwcWzuavkc4Pfe1Yy+X.2","action":"ProcessGetUpdates", "result":"Done", "context":{"dataType":"History", "deleted":"0", "process_failed_to_decrypt":"0", "process_pending_decryption":"0", "process_success":"250", "total":"250"}}
{"logTime": "0906/200800", "correlationVector":"3YkJwcWzuavkc4Pfe1Yy+X.3","action":"GetUpdates Response", "result":"Success", "context":Received 250 update(s). cV=3YkJwcWzuavkc4Pfe1Yy+X.0;server=akswtt102000017;cloudType=Consumer;environment=Prod_eastus2_prod-s01-050-nam-eastus2;migrationStage=NotStarted Some updates remain.}
{"logTime": "0906/200800", "correlationVector":"WKjoz9pafOKPQ5Hdlq7Inr","action":"Initial GetUpdates", "result":"", "context":Reason: NEWLY_SUPPORTED_DATATYPE. cV=WKjoz9pafOKPQ5Hdlq7Inr}
{"logTime": "0906/200800", "correlationVector":"WKjoz9pafOKPQ5Hdlq7Inr.1","action":"SyncServerConnectionManagerRequest", "result":"SYNC_SERVER_OK", "context":{"environment":"Prod_eastus2_prod-s01-050-nam-eastus2", "migrationStage":"NotStarted", "server":"akswtt102000000"}}
{"logTime": "0906/200800", "correlationVector":"WKjoz9pafOKPQ5Hdlq7Inr.2","action":"ProcessGetUpdates", "result":"Done", "context":{"dataType":"History", "deleted":"0", "process_failed_to_decrypt":"0", "process_pending_decryption":"0", "process_success":"250", "total":"250"}}
{"logTime": "0906/200800", "correlationVector":"WKjoz9pafOKPQ5Hdlq7Inr.3","action":"GetUpdates Response", "result":"Success", "context":Received 250 update(s). cV=WKjoz9pafOKPQ5Hdlq7Inr.0;server=akswtt102000000;cloudType=Consumer;environment=Prod_eastus2_prod-s01-050-nam-eastus2;migrationStage=NotStarted Some updates remain.}
{"logTime": "0906/200800", "correlationVector":"GTJxlY6xrkaSjwnsyN5ER0","action":"Initial GetUpdates", "result":"", "context":Reason: NEWLY_SUPPORTED_DATATYPE. cV=GTJxlY6xrkaSjwnsyN5ER0}
{"logTime": "0906/200801", "correlationVector":"GTJxlY6xrkaSjwnsyN5ER0.1","action":"SyncServerConnectionManagerRequest", "result":"SYNC_SERVER_OK", "context":{"environment":"Prod_eastus2_prod-s01-050-nam-eastus2", "migrationStage":"NotStarted", "server":"akswtt10200000r"}}
{"logTime": "0906/200801", "correlationVector":"GTJxlY6xrkaSjwnsyN5ER0.2","action":"ProcessGetUpdates", "result":"Done", "context":{"dataType":"History", "deleted":"0", "process_failed_to_decrypt":"0", "process_pending_decryption":"0", "process_success":"200", "total":"200"}}
{"logTime": "0906/200801", "correlationVector":"GTJxlY6xrkaSjwnsyN5ER0.3","action":"GetUpdates Response", "result":"Success", "context":Received 200 update(s). cV=GTJxlY6xrkaSjwnsyN5ER0.0;server=akswtt10200000r;cloudType=Consumer;environment=Prod_eastus2_prod-s01-050-nam-eastus2;migrationStage=NotStarted}
{"logTime": "0906/200801", "correlationVector":"LYa8GPec8IOhrNAhBtn/t2","action":"Normal GetUpdate request", "result":"", "context":cV=LYa8GPec8IOhrNAhBtn/t2
Nudged types: Preferences, Sessions, Device Info, User Consents
Refresh requested types: Bookmarks, Preferences, Passwords, Autofill Profiles, Autofill, Extensions, Sessions, Extension settings, History Delete Directives, Device Info, User Consents, Send Tab To Self, Web Apps, History, Saved Tab Group, WebAuthn Credentials, Collection, Edge E Drop, Edge Hub App Usage, Edge Wallet, Encryption Keys}
{"logTime": "0906/200801", "correlationVector":"LYa8GPec8IOhrNAhBtn/t2.1","action":"SyncServerConnectionManagerRequest", "result":"SYNC_SERVER_OK", "context":{"environment":"Prod_eastus2_prod-s01-050-nam-eastus2", "migrationStage":"NotStarted", "server":"akswtt10200000q"}}
{"logTime": "0906/200801", "correlationVector":"LYa8GPec8IOhrNAhBtn/t2.2","action":"GetUpdates Response", "result":"Success", "context":Received 0 update(s). cV=LYa8GPec8IOhrNAhBtn/t2.0;server=akswtt10200000q;cloudType=Consumer;environment=Prod_eastus2_prod-s01-050-nam-eastus2;migrationStage=NotStarted}
{"logTime": "0906/200801", "correlationVector":"uUExu/iVEtk+dWpgmJewSt","action":"Commit Request", "result":"", "context":Item count: 7
Contributing types: Preferences, Sessions, Device Info, User Consents}
{"logTime": "0906/200802", "correlationVector":"uUExu/iVEtk+dWpgmJewSt.1","action":"SyncServerConnectionManagerRequest", "result":"SYNC_SERVER_OK", "context":{"environment":"Prod_eastus2_prod-s01-050-nam-eastus2", "migrationStage":"NotStarted", "server":"akswtt102000016"}}
{"logTime": "0906/200802", "correlationVector":"uUExu/iVEtk+dWpgmJewSt.2","action":"Commit Response", "result":"Success", "context":Result: Success. cV=uUExu/iVEtk+dWpgmJewSt.0;server=akswtt102000016;cloudType=Consumer;environment=Prod_eastus2_prod-s01-050-nam-eastus2;migrationStage=NotStarted}
{"logTime": "0906/200845", "correlationVector":"JoBrcJvDWCtnu43X9sUpR7","action":"Commit Request", "result":"", "context":Item count: 1
Contributing types: Preferences}
{"logTime": "0906/200846", "correlationVector":"JoBrcJvDWCtnu43X9sUpR7.1","action":"SyncServerConnectionManagerRequest", "result":"SYNC_SERVER_OK", "context":{"environment":"Prod_eastus2_prod-s01-050-nam-eastus2", "migrationStage":"NotStarted", "server":"akswtt10200000r"}}
{"logTime": "0906/200846", "correlationVector":"JoBrcJvDWCtnu43X9sUpR7.2","action":"Commit Response", "result":"Success", "context":Result: Success. cV=JoBrcJvDWCtnu43X9sUpR7.0;server=akswtt10200000r;cloudType=Consumer;environment=Prod_eastus2_prod-s01-050-nam-eastus2;migrationStage=NotStarted}
{"logTime": "0906/200945", "correlationVector":"1MOX2uWpZXPPuIjML2v1kb","action":"Commit Request", "result":"", "context":Item count: 1
Contributing types: Preferences}
{"logTime": "0906/200946", "correlationVector":"1MOX2uWpZXPPuIjML2v1kb.1","action":"SyncServerConnectionManagerRequest", "result":"SYNC_SERVER_OK", "context":{"environment":"Prod_eastus2_prod-s01-050-nam-eastus2", "migrationStage":"NotStarted", "server":"akswtt102000012"}}
{"logTime": "0906/200946", "correlationVector":"1MOX2uWpZXPPuIjML2v1kb.2","action":"Commit Response", "result":"Success", "context":Result: Success. cV=1MOX2uWpZXPPuIjML2v1kb.0;server=akswtt102000012;cloudType=Consumer;environment=Prod_eastus2_prod-s01-050-nam-eastus2;migrationStage=NotStarted}
{"logTime": "0906/200948", "correlationVector":"KQbyYuX3apJykqsDV6LLvs","action":"Commit Request", "result":"", "context":Item count: 1
Contributing types: Preferences}
{"logTime": "0906/200948", "correlationVector":"KQbyYuX3apJykqsDV6LLvs.1","action":"SyncServerConnectionManagerRequest", "result":"SYNC_SERVER_OK", "context":{"environment":"Prod_eastus2_prod-s01-050-nam-eastus2", "migrationStage":"NotStarted", "server":"akswtt102000009"}}
{"logTime": "0906/200948", "correlationVector":"KQbyYuX3apJykqsDV6LLvs.2","action":"Commit Response", "result":"Success", "context":Result: Success. cV=KQbyYuX3apJykqsDV6LLvs.0;server=akswtt102000009;cloudType=Consumer;environment=Prod_eastus2_prod-s01-050-nam-eastus2;migrationStage=NotStarted}
{"logTime": "0906/201045", "correlationVector":"SxQn0r5H/FxKWY+WGMGq2o","action":"Commit Request", "result":"", "context":Item count: 1
Contributing types: Preferences}
{"logTime": "0906/201046", "correlationVector":"SxQn0r5H/FxKWY+WGMGq2o.1","action":"SyncServerConnectionManagerRequest", "result":"SYNC_SERVER_OK", "context":{"environment":"Prod_eastus2_prod-s01-050-nam-eastus2", "migrationStage":"NotStarted", "server":"akswtt10200001b"}}
{"logTime": "0906/201046", "correlationVector":"SxQn0r5H/FxKWY+WGMGq2o.2","action":"Commit Response", "result":"Success", "context":Result: Success. cV=SxQn0r5H/FxKWY+WGMGq2o.0;server=akswtt10200001b;cloudType=Consumer;environment=Prod_eastus2_prod-s01-050-nam-eastus2;migrationStage=NotStarted}
{"logTime": "0906/201252", "correlationVector":"KbzfRXh6fsvP3PRirONJGb.1","action":"SyncServerConnectionManagerRequest", "result":"SYNC_SERVER_OK", "context":{"environment":"Prod_eastus2_prod-s01-050-nam-eastus2", "migrationStage":"NotStarted", "server":"akswtt102000007"}}
{"logTime": "0906/201252", "correlationVector":"KbzfRXh6fsvP3PRirONJGb.2","action":"ProcessGetUpdates", "result":"Done", "context":{"dataType":"Encryption Keys", "deleted":"0", "process_failed_to_decrypt":"0", "process_pending_decryption":"0", "process_success":"1", "total":"1"}}
{"logTime": "0906/201253", "correlationVector":"FEMArds0kmxvey7WJ3z6C1","action":"SyncServerConnectionManagerRequest", "result":"SYNC_SERVER_OK", "context":{"environment":"", "migrationStage":"", "server":""}}
{"logTime": "0906/201253", "correlationVector":"FEMArds0kmxvey7WJ3z6C1.0","action":"EncryptionKeysFetcher.DownloadKeys:", "result":"Success", "context":Key count: 7, Last key timestamp: 2025-04-23T21:42:35Z}
{"logTime": "0906/201253", "correlationVector":"FEMArds0kmxvey7WJ3z6C1.1","action":"EncryptionKeysManager::SetEncryptionKeys:", "result":"Success", "context":Key names[7]:[JiYZt5tFE4ndf+iG8U6UrzVLZhPkOigUIateGBQl35/jNDTW2j3gAj3ecUQ6dMBcAClTti7HYlCW9dZXJvpmrg==][580RO3WPfKiDM2s2bllPrSpcuo+H5AA9ui4nVOMAmrXhzPjQLcRACSKh2M5uwqeMobUX9bI9lpaonixYpjbDWw==][W9JXR6dhK48Dub+xWFW4lU4hZM0ggRtv/CtoiQorXwcxOZEF0iFXO8EhFQCtYYN0lhxNqIcVSPE2XDGJjw30CA==][Kht8Z03xKSiUjMUMRfgMbE+kW8pyOTKLFOf4g3BwUBUwimalQLxNgdFK5rSI/zyleY+zdEux4C5h61M5OPtv+w==][tJOjxrfKDngwIiMJ4QjnpN1ontuKHClWQstSkuKTog425ZLWXB7d9UVptQ4oiiQdya7fB6K9hQBMYSPmFEZkGA==][uKQGYD3PS1N7Z/ApKvYBN1Df3ODu/i7MWx7uNAsJLKTxL1bSiTkueI9HiJ+rtG0U7C+2mDyAwJQ00DhEekoONw==][crDkFSdHvvOIwDPv3m590MH8VpYYxesy0xNQG2G5WPVFWw/+ZHOvp75GDOh7r9wx+hmQe8pgCKExl9yXP2dVyg==]}
{"logTime": "0906/201253", "correlationVector":"FEMArds0kmxvey7WJ3z6C1.2","action":"EncryptionKeysManager::SetEncryptionKeysWithTimestamps:", "result":"Success", "context":Key timestamps[7]:[2022-07-24T02:36:20Z][2023-01-20T22:55:38Z][2023-05-02T18:29:36Z][2023-10-30T11:17:24Z][2024-04-27T14:32:28Z][2024-10-25T19:23:04Z][2025-04-23T21:42:35Z]}
{"logTime": "0906/201253", "correlationVector":"KbzfRXh6fsvP3PRirONJGb","action":"Initial GetUpdates", "result":"", "context":Reason: NEW_CLIENT. cV=KbzfRXh6fsvP3PRirONJGb}
{"logTime": "0906/201253", "correlationVector":"KbzfRXh6fsvP3PRirONJGb.3","action":"GetUpdates Response", "result":"Success", "context":Received 1 update(s). cV=KbzfRXh6fsvP3PRirONJGb.0;server=akswtt102000007;cloudType=Consumer;environment=Prod_eastus2_prod-s01-050-nam-eastus2;migrationStage=NotStarted}
{"logTime": "0906/201253", "correlationVector":"9gqOc0ceL0UyGl+sk0P14J","action":"Initial GetUpdates", "result":"", "context":Reason: NEWLY_SUPPORTED_DATATYPE. cV=9gqOc0ceL0UyGl+sk0P14J}
{"logTime": "0906/201253", "correlationVector":"9gqOc0ceL0UyGl+sk0P14J.1","action":"SyncServerConnectionManagerRequest", "result":"SYNC_SERVER_OK", "context":{"environment":"Prod_eastus2_prod-s01-050-nam-eastus2", "migrationStage":"NotStarted", "server":"akswtt10200001e"}}
{"logTime": "0906/201253", "correlationVector":"9gqOc0ceL0UyGl+sk0P14J.2","action":"ProcessGetUpdates", "result":"Done", "context":{"dataType":"Passwords", "deleted":"3", "process_failed_to_decrypt":"0", "process_pending_decryption":"0", "process_success":"139", "total":"139"}}
{"logTime": "0906/201253", "correlationVector":"9gqOc0ceL0UyGl+sk0P14J.3","action":"GetUpdates Response", "result":"Success", "context":Received 139 update(s). cV=9gqOc0ceL0UyGl+sk0P14J.0;server=akswtt10200001e;cloudType=Consumer;environment=Prod_eastus2_prod-s01-050-nam-eastus2;migrationStage=NotStarted}
{"logTime": "0906/201254", "correlationVector":"ChrHuxWRfVZJ2G/Ib2XthX","action":"Normal GetUpdate request", "result":"", "context":cV=ChrHuxWRfVZJ2G/Ib2XthX
Nudged types: Sessions, History
Refresh requested types: Bookmarks, Preferences, Passwords, Autofill Profiles, Autofill, Extensions, Sessions, Extension settings, History Delete Directives, Device Info, User Consents, Send Tab To Self, Web Apps, History, Saved Tab Group, WebAuthn Credentials, Collection, Edge E Drop, Edge Hub App Usage, Edge Wallet, Encryption Keys}
{"logTime": "0906/201254", "correlationVector":"ChrHuxWRfVZJ2G/Ib2XthX.1","action":"SyncServerConnectionManagerRequest", "result":"SYNC_SERVER_OK", "context":{"environment":"Prod_eastus2_prod-s01-050-nam-eastus2", "migrationStage":"NotStarted", "server":"akswtt10200001e"}}
{"logTime": "0906/201254", "correlationVector":"ChrHuxWRfVZJ2G/Ib2XthX.2","action":"ProcessGetUpdates", "result":"Done", "context":{"dataType":"Preferences", "deleted":"0", "process_failed_to_decrypt":"0", "process_pending_decryption":"0", "process_success":"2", "total":"2"}}
{"logTime": "0906/201254", "correlationVector":"ChrHuxWRfVZJ2G/Ib2XthX.3","action":"ProcessGetUpdates", "result":"Done", "context":{"dataType":"Sessions", "deleted":"0", "process_failed_to_decrypt":"0", "process_pending_decryption":"0", "process_success":"2", "total":"2"}}
{"logTime": "0906/201254", "correlationVector":"ChrHuxWRfVZJ2G/Ib2XthX.4","action":"ProcessGetUpdates", "result":"Done", "context":{"dataType":"Device Info", "deleted":"0", "process_failed_to_decrypt":"0", "process_pending_decryption":"0", "process_success":"1", "total":"1"}}
{"logTime": "0906/201254", "correlationVector":"ChrHuxWRfVZJ2G/Ib2XthX.5","action":"GetUpdates Response", "result":"Success", "context":Received 5 update(s). cV=ChrHuxWRfVZJ2G/Ib2XthX.0;server=akswtt10200001e;cloudType=Consumer;environment=Prod_eastus2_prod-s01-050-nam-eastus2;migrationStage=NotStarted}
{"logTime": "0906/201254", "correlationVector":"8X/BRKnOF3F5edTIII17LT","action":"Commit Request", "result":"", "context":Item count: 9
Contributing types: Autofill Profiles, Sessions, History}
{"logTime": "0906/201255", "correlationVector":"8X/BRKnOF3F5edTIII17LT.1","action":"SyncServerConnectionManagerRequest", "result":"SYNC_SERVER_OK", "context":{"environment":"Prod_eastus2_prod-s01-050-nam-eastus2", "migrationStage":"NotStarted", "server":"akswtt102000014"}}
{"logTime": "0906/201255", "correlationVector":"8X/BRKnOF3F5edTIII17LT.3","action":"Commit.Autofill Profiles", "result":"Success", "context":{"id":"6acc8c9d-114a-421f-b6ed-08e8207bf34d", "isDeleted":"true", "size":"0", "version":"1745444571085"}}
{"logTime": "0906/201255", "correlationVector":"8X/BRKnOF3F5edTIII17LT.2","action":"Commit Response", "result":"Success", "context":Result: Success. cV=8X/BRKnOF3F5edTIII17LT.0;server=akswtt102000014;cloudType=Consumer;environment=Prod_eastus2_prod-s01-050-nam-eastus2;migrationStage=NotStarted}
