2025-09-06 20:07:33.433: [INFO][Sync] Reset engine, reason: 8
2025-09-06 20:07:33.433: [INFO][Sync] Stopped: Bookmarks
2025-09-06 20:07:33.433: [INFO][Sync] Stopped: Preferences
2025-09-06 20:07:33.433: [INFO][Sync] Stopped: Passwords
2025-09-06 20:07:33.433: [INFO][Sync] Stopped: Autofill Profiles
2025-09-06 20:07:33.433: [INFO][Sync] Stopped: Autofill
2025-09-06 20:07:33.433: [INFO][Sync] Stopped: Extensions
2025-09-06 20:07:33.433: [INFO][Sync] Stopped: Sessions
2025-09-06 20:07:33.433: [INFO][Sync] Stopped: Extension settings
2025-09-06 20:07:33.433: [INFO][Sync] Stopped: History Delete Directives
2025-09-06 20:07:33.433: [INFO][Sync] Stopped: Device Info
2025-09-06 20:07:33.433: [INFO][Sync] Stopped: User Consents
2025-09-06 20:07:33.433: [INFO][Sync] Stopped: Send Tab To Self
2025-09-06 20:07:33.433: [INFO][Sync] Stopped: Web Apps
2025-09-06 20:07:33.433: [INFO][Sync] Stopped: History
2025-09-06 20:07:33.433: [INFO][Sync] Stopped: Saved Tab Group
2025-09-06 20:07:33.433: [INFO][Sync] Stopped: WebAuthn Credentials
2025-09-06 20:07:33.433: [INFO][Sync] Stopped: Collection
2025-09-06 20:07:33.433: [INFO][Sync] Stopped: Edge E Drop
2025-09-06 20:07:33.433: [INFO][Sync] Stopped: Edge Hub App Usage
2025-09-06 20:07:33.433: [INFO][Sync] Stopped: Edge Wallet
2025-09-06 20:07:33.433: [INFO][Sync] SyncState after authenticated was: NotSignedIn
2025-09-06 20:07:33.674: [INFO][Sync] Reset engine, reason: 8
2025-09-06 20:07:33.674: [INFO][Sync] Stopped: Bookmarks
2025-09-06 20:07:33.674: [INFO][Sync] Stopped: Preferences
2025-09-06 20:07:33.674: [INFO][Sync] Stopped: Passwords
2025-09-06 20:07:33.674: [INFO][Sync] Stopped: Autofill Profiles
2025-09-06 20:07:33.674: [INFO][Sync] Stopped: Autofill
2025-09-06 20:07:33.674: [INFO][Sync] Stopped: Extensions
2025-09-06 20:07:33.674: [INFO][Sync] Stopped: Sessions
2025-09-06 20:07:33.674: [INFO][Sync] Stopped: Extension settings
2025-09-06 20:07:33.674: [INFO][Sync] Stopped: History Delete Directives
2025-09-06 20:07:33.674: [INFO][Sync] Stopped: Device Info
2025-09-06 20:07:33.674: [INFO][Sync] Stopped: User Consents
2025-09-06 20:07:33.674: [INFO][Sync] Stopped: Send Tab To Self
2025-09-06 20:07:33.674: [INFO][Sync] Stopped: Web Apps
2025-09-06 20:07:33.674: [INFO][Sync] Stopped: History
2025-09-06 20:07:33.674: [INFO][Sync] Stopped: Saved Tab Group
2025-09-06 20:07:33.674: [INFO][Sync] Stopped: WebAuthn Credentials
2025-09-06 20:07:33.674: [INFO][Sync] Stopped: Collection
2025-09-06 20:07:33.674: [INFO][Sync] Stopped: Edge E Drop
2025-09-06 20:07:33.674: [INFO][Sync] Stopped: Edge Hub App Usage
2025-09-06 20:07:33.674: [INFO][Sync] Stopped: Edge Wallet
2025-09-06 20:07:33.785: [INFO][Sync] Try to start sync engine
2025-09-06 20:07:33.786: [INFO][SyncManagerImpl::NudgeForInitialDownload] Initial download nudge for Encryption Keys
2025-09-06 20:07:33.786: [INFO][SyncEngineBackend::LoadAndConnectNigoriController] Load and connect Nigori controller
2025-09-06 20:07:33.786: [INFO][SyncEngineBackend::DoInitialize] Control Types added: Encryption Keys
2025-09-06 20:07:33.786: [INFO][SyncManagerImpl::ConfigureSyncer] Types to download: Encryption Keys with reason: 3
2025-09-06 20:07:33.786: [INFO][SyncSchedulerImpl::DoConfigurationSyncCycleJob] Configure job was blocked
2025-09-06 20:07:33.883: [INFO][SyncAuthManager::SetLastAuthError] Current auth error: None
2025-09-06 20:07:33.883: [INFO][SyncAuthManager::EdgeLogTokenErrorState] Token error with: None for account type: MSA
2025-09-06 20:07:33.883: [INFO][Sync] Credentials changed for: EdgeSyncScopeNew
2025-09-06 20:07:34.511: [INFO][SyncAuthManager::SetLastAuthError] Current auth error: None
2025-09-06 20:07:34.512: [INFO][SyncAuthManager::EdgeLogTokenErrorState] Token error with: None for account type: MSA
2025-09-06 20:07:34.512: [INFO][Sync] Credentials changed for: EdgeSyncKeyDataScope
2025-09-06 20:07:34.512: [INFO][SyncEngineBackend::DoUpdateKeyDataCredentials] Update key data credentials
2025-09-06 20:07:34.512: [INFO][SyncEngineBackend::DoUpdateCredentials] Update credentials
2025-09-06 20:07:34.512: [INFO][SyncSchedulerImpl::DoConfigurationSyncCycleJob] Blocked types:  and types to download: Encryption Keys
2025-09-06 20:07:35.210: [INFO][Sync] Started DataTypeManager configuration, reason: 4
2025-09-06 20:07:35.210: [INFO][Sync] Configuring for: Bookmarks, Preferences, Passwords, Autofill Profiles, Autofill, Extensions, Sessions, Extension settings, History Delete Directives, Device Info, User Consents, Send Tab To Self, Web Apps, History, Saved Tab Group, WebAuthn Credentials, Collection, Edge E Drop, Edge Hub App Usage, Edge Wallet, Encryption Keys, reason: 3, current state: 0
2025-09-06 20:07:35.210: [WARN][Sync] Crypto error data types: Passwords, Autofill Profiles, Autofill
2025-09-06 20:07:35.211: [INFO][Sync] Configure, desired: Bookmarks, Preferences, Extensions, Sessions, Extension settings, History Delete Directives, Device Info, User Consents, Send Tab To Self, Web Apps, History, Saved Tab Group, WebAuthn Credentials, Collection, Edge E Drop, Edge Hub App Usage, Edge Wallet, Encryption Keys; Allow fail: Passwords, Autofill Profiles, Autofill
2025-09-06 20:07:35.211: [INFO][Sync] Loading: Bookmarks
2025-09-06 20:07:35.211: [INFO][Sync] Loading: Preferences
2025-09-06 20:07:35.211: [INFO][Sync] Loading: Extensions
2025-09-06 20:07:35.211: [INFO][Sync] Loading: Sessions
2025-09-06 20:07:35.211: [INFO][Sync] Loading: Extension settings
2025-09-06 20:07:35.211: [INFO][Sync] Loading: History Delete Directives
2025-09-06 20:07:35.211: [INFO][Sync] Loading: Device Info
2025-09-06 20:07:35.211: [INFO][Sync] Loading: User Consents
2025-09-06 20:07:35.211: [INFO][Sync] Loading: Send Tab To Self
2025-09-06 20:07:35.211: [INFO][Sync] Loading: Web Apps
2025-09-06 20:07:35.211: [INFO][Sync] Loading: History
2025-09-06 20:07:35.211: [INFO][Sync] Loading: Saved Tab Group
2025-09-06 20:07:35.211: [INFO][Sync] Loading: WebAuthn Credentials
2025-09-06 20:07:35.211: [INFO][Sync] Loading: Collection
2025-09-06 20:07:35.211: [INFO][Sync] Loading: Edge E Drop
2025-09-06 20:07:35.211: [INFO][Sync] Loading: Edge Hub App Usage
2025-09-06 20:07:35.211: [INFO][Sync] Loading: Edge Wallet
2025-09-06 20:07:35.218: [INFO][Sync] All data types are ready for configure.
2025-09-06 20:07:35.904: [INFO][Sync] Started DataTypeManager configuration, reason: 5
2025-09-06 20:07:35.904: [INFO][Sync] Configuring for: Bookmarks, Preferences, Passwords, Autofill Profiles, Autofill, Extensions, Sessions, Extension settings, History Delete Directives, Device Info, User Consents, Send Tab To Self, Web Apps, History, Saved Tab Group, WebAuthn Credentials, Collection, Edge E Drop, Edge Hub App Usage, Edge Wallet, Encryption Keys, reason: 5, current state: 1
2025-09-06 20:07:35.912: [INFO][SyncEngineBackend::DoStartConfiguration] Start configuration
2025-09-06 20:07:35.912: [INFO][SyncManagerImpl::NudgeForInitialDownload] Initial download nudge for Bookmarks
2025-09-06 20:07:35.912: [INFO][SyncManagerImpl::NudgeForInitialDownload] Initial download nudge for Preferences
2025-09-06 20:07:35.912: [INFO][SyncManagerImpl::NudgeForInitialDownload] Initial download nudge for Extensions
2025-09-06 20:07:35.912: [INFO][SyncManagerImpl::NudgeForInitialDownload] Initial download nudge for Sessions
2025-09-06 20:07:35.912: [INFO][SyncManagerImpl::NudgeForInitialDownload] Initial download nudge for Extension settings
2025-09-06 20:07:35.912: [INFO][SyncManagerImpl::NudgeForInitialDownload] Initial download nudge for History Delete Directives
2025-09-06 20:07:35.912: [INFO][SyncManagerImpl::NudgeForInitialDownload] Initial download nudge for Device Info
2025-09-06 20:07:35.912: [INFO][SyncManagerImpl::NudgeForInitialDownload] Initial download nudge for Send Tab To Self
2025-09-06 20:07:35.912: [INFO][SyncManagerImpl::NudgeForInitialDownload] Initial download nudge for Web Apps
2025-09-06 20:07:35.912: [INFO][SyncManagerImpl::NudgeForInitialDownload] Initial download nudge for History
2025-09-06 20:07:35.912: [INFO][SyncManagerImpl::NudgeForInitialDownload] Initial download nudge for Saved Tab Group
2025-09-06 20:07:35.912: [INFO][SyncManagerImpl::NudgeForInitialDownload] Initial download nudge for WebAuthn Credentials
2025-09-06 20:07:35.912: [INFO][SyncManagerImpl::NudgeForInitialDownload] Initial download nudge for Collection
2025-09-06 20:07:35.912: [INFO][SyncManagerImpl::NudgeForInitialDownload] Initial download nudge for Edge E Drop
2025-09-06 20:07:35.912: [INFO][SyncManagerImpl::NudgeForInitialDownload] Initial download nudge for Edge Hub App Usage
2025-09-06 20:07:35.912: [INFO][SyncManagerImpl::NudgeForInitialDownload] Initial download nudge for Edge Wallet
2025-09-06 20:07:35.912: [INFO][SyncManagerImpl::ConfigureSyncer] Types to download:  with reason: 3
2025-09-06 20:07:35.912: [INFO][SyncEngineBackend::DoFinishConfigureDataTypes] Failed to download types:  and succeeded types: 
2025-09-06 20:07:35.912: [INFO][Sync] ConfigurationDone, failed: , succeeded: , remaining count: 4
2025-09-06 20:07:35.912: [WARN][Sync]     Reconfigure requested while configuration ongoing.
2025-09-06 20:07:35.912: [INFO][Sync] Configuring for: Bookmarks, Preferences, Passwords, Autofill Profiles, Autofill, Extensions, Sessions, Extension settings, History Delete Directives, Device Info, User Consents, Send Tab To Self, Web Apps, History, Saved Tab Group, WebAuthn Credentials, Collection, Edge E Drop, Edge Hub App Usage, Edge Wallet, Encryption Keys, reason: 5, current state: 2
2025-09-06 20:07:35.913: [INFO][Sync] Configure, desired: Bookmarks, Preferences, Passwords, Autofill Profiles, Autofill, Extensions, Sessions, Extension settings, History Delete Directives, Device Info, User Consents, Send Tab To Self, Web Apps, History, Saved Tab Group, WebAuthn Credentials, Collection, Edge E Drop, Edge Hub App Usage, Edge Wallet, Encryption Keys; Allow fail: 
2025-09-06 20:07:35.913: [INFO][Sync] Loading: Passwords
2025-09-06 20:07:35.913: [INFO][Sync] Loading: Autofill Profiles
2025-09-06 20:07:35.913: [INFO][Sync] Loading: Autofill
2025-09-06 20:07:35.913: [INFO][Sync] All data types are ready for configure.
2025-09-06 20:07:35.913: [INFO][SyncManagerImpl::NudgeForInitialDownload] Initial download nudge for Passwords
2025-09-06 20:07:35.913: [INFO][SyncManagerImpl::NudgeForInitialDownload] Initial download nudge for Autofill Profiles
2025-09-06 20:07:35.913: [INFO][SyncManagerImpl::NudgeForInitialDownload] Initial download nudge for Autofill
2025-09-06 20:07:35.913: [INFO][SyncManagerImpl::ConfigureSyncer] Types to download:  with reason: 5
2025-09-06 20:07:35.913: [INFO][SyncEngineBackend::DoFinishConfigureDataTypes] Failed to download types:  and succeeded types: 
2025-09-06 20:07:35.918: [INFO][Sync] ConfigurationDone, failed: , succeeded: , remaining count: 4
2025-09-06 20:07:35.918: [INFO][Sync] Prepare to configure types: Preferences, Passwords, Device Info, Send Tab To Self, Edge E Drop, Encryption Keys
2025-09-06 20:07:35.918: [INFO][SyncManagerImpl::ConfigureSyncer] Types to download: Preferences, Passwords, Device Info, Send Tab To Self, Edge E Drop, Encryption Keys with reason: 5
2025-09-06 20:07:35.918: [INFO][SyncSchedulerImpl::DoConfigurationSyncCycleJob] Blocked types:  and types to download: Preferences, Passwords, Device Info, Send Tab To Self, Edge E Drop, Encryption Keys
2025-09-06 20:07:37.388: [INFO][SyncEngineBackend::DoFinishConfigureDataTypes] Failed to download types:  and succeeded types: Preferences, Passwords, Device Info, Send Tab To Self, Edge E Drop, Encryption Keys
2025-09-06 20:07:37.394: [INFO][Sync] ConfigurationDone, failed: , succeeded: Preferences, Passwords, Device Info, Send Tab To Self, Edge E Drop, Encryption Keys, remaining count: 3
2025-09-06 20:07:37.394: [INFO][Sync] Prepare to configure types: Bookmarks, Encryption Keys
2025-09-06 20:07:37.394: [INFO][SyncManagerImpl::ConfigureSyncer] Types to download: Bookmarks, Encryption Keys with reason: 5
2025-09-06 20:07:37.394: [INFO][SyncSchedulerImpl::DoConfigurationSyncCycleJob] Blocked types:  and types to download: Bookmarks, Encryption Keys
2025-09-06 20:07:37.705: [INFO][SyncEngineBackend::DoFinishConfigureDataTypes] Failed to download types:  and succeeded types: Bookmarks, Encryption Keys
2025-09-06 20:07:37.709: [INFO][Sync] ConfigurationDone, failed: , succeeded: Bookmarks, Encryption Keys, remaining count: 2
2025-09-06 20:07:37.709: [INFO][Sync] Prepare to configure types: Autofill Profiles, Autofill, Extensions, Sessions, Extension settings, History Delete Directives, Web Apps, Saved Tab Group, WebAuthn Credentials, Collection, Edge Hub App Usage, Edge Wallet, Encryption Keys
2025-09-06 20:07:37.709: [INFO][SyncManagerImpl::ConfigureSyncer] Types to download: Autofill Profiles, Autofill, Extensions, Sessions, Extension settings, History Delete Directives, Web Apps, Saved Tab Group, WebAuthn Credentials, Collection, Edge Hub App Usage, Edge Wallet, Encryption Keys with reason: 5
2025-09-06 20:07:37.709: [INFO][SyncSchedulerImpl::DoConfigurationSyncCycleJob] Blocked types:  and types to download: Autofill Profiles, Autofill, Extensions, Sessions, Extension settings, History Delete Directives, Web Apps, Saved Tab Group, WebAuthn Credentials, Collection, Edge Hub App Usage, Edge Wallet, Encryption Keys
2025-09-06 20:07:49.307: [INFO][SyncEngineBackend::DoFinishConfigureDataTypes] Failed to download types:  and succeeded types: Autofill Profiles, Autofill, Extensions, Sessions, Extension settings, History Delete Directives, Web Apps, Saved Tab Group, WebAuthn Credentials, Collection, Edge Hub App Usage, Edge Wallet, Encryption Keys
2025-09-06 20:07:49.309: [INFO][Sync] ConfigurationDone, failed: , succeeded: Autofill Profiles, Autofill, Extensions, Sessions, Extension settings, History Delete Directives, Web Apps, Saved Tab Group, WebAuthn Credentials, Collection, Edge Hub App Usage, Edge Wallet, Encryption Keys, remaining count: 1
2025-09-06 20:07:49.313: [INFO][Sync] Prepare to configure types: History, Encryption Keys
2025-09-06 20:07:49.313: [INFO][SyncManagerImpl::ConfigureSyncer] Types to download: History, Encryption Keys with reason: 5
2025-09-06 20:07:49.313: [INFO][SyncSchedulerImpl::DoConfigurationSyncCycleJob] Blocked types:  and types to download: History, Encryption Keys
2025-09-06 20:08:01.090: [INFO][SyncEngineBackend::DoFinishConfigureDataTypes] Failed to download types:  and succeeded types: History, Encryption Keys
2025-09-06 20:08:01.117: [INFO][Sync] ConfigurationDone, failed: , succeeded: History, Encryption Keys, remaining count: 0
2025-09-06 20:08:01.133: [INFO][Sync]     Configuration completed, state: 7
2025-09-06 20:08:01.133: [INFO][Sync] Configured DataTypeManager: Ok
2025-09-06 20:08:01.149: [INFO][SyncEngineBackend::DoStartSyncing] Start syncing
2025-09-06 20:12:25.851: [INFO][Sync] Reset engine, reason: 0
2025-09-06 20:12:25.851: [INFO][Sync] Reset engine with reason: 0
2025-09-06 20:12:51.512: [INFO][Sync] SyncState after authenticated was: FeatureCanStart
2025-09-06 20:12:51.884: [INFO][Sync] Try to start sync engine
2025-09-06 20:12:51.885: [INFO][SyncManagerImpl::NudgeForInitialDownload] Initial download nudge for Encryption Keys
2025-09-06 20:12:51.885: [INFO][SyncEngineBackend::LoadAndConnectNigoriController] Load and connect Nigori controller
2025-09-06 20:12:51.885: [INFO][SyncEngineBackend::DoInitialize] Control Types added: Encryption Keys
2025-09-06 20:12:51.885: [INFO][SyncManagerImpl::ConfigureSyncer] Types to download: Encryption Keys with reason: 3
2025-09-06 20:12:51.886: [INFO][SyncSchedulerImpl::DoConfigurationSyncCycleJob] Configure job was blocked
2025-09-06 20:12:51.913: [INFO][SyncAuthManager::SetLastAuthError] Current auth error: None
2025-09-06 20:12:51.913: [INFO][SyncAuthManager::EdgeLogTokenErrorState] Token error with: None for account type: MSA
2025-09-06 20:12:51.913: [INFO][Sync] Credentials changed for: EdgeSyncScopeNew
2025-09-06 20:12:52.449: [INFO][SyncAuthManager::SetLastAuthError] Current auth error: None
2025-09-06 20:12:52.449: [INFO][SyncAuthManager::EdgeLogTokenErrorState] Token error with: None for account type: MSA
2025-09-06 20:12:52.449: [INFO][Sync] Credentials changed for: EdgeSyncKeyDataScope
2025-09-06 20:12:52.449: [INFO][SyncEngineBackend::DoUpdateKeyDataCredentials] Update key data credentials
2025-09-06 20:12:52.449: [INFO][SyncEngineBackend::DoUpdateCredentials] Update credentials
2025-09-06 20:12:52.449: [INFO][SyncSchedulerImpl::DoConfigurationSyncCycleJob] Blocked types:  and types to download: Encryption Keys
2025-09-06 20:12:52.897: [INFO][Sync] Started DataTypeManager configuration, reason: 4
2025-09-06 20:12:52.897: [INFO][Sync] Configuring for: Bookmarks, Preferences, Passwords, Autofill Profiles, Autofill, Extensions, Sessions, Extension settings, History Delete Directives, Device Info, User Consents, Send Tab To Self, Web Apps, History, Saved Tab Group, WebAuthn Credentials, Collection, Edge E Drop, Edge Hub App Usage, Edge Wallet, Encryption Keys, reason: 4, current state: 0
2025-09-06 20:12:52.897: [WARN][Sync] Crypto error data types: Passwords, Autofill Profiles, Autofill
2025-09-06 20:12:52.910: [INFO][Sync] Configure, desired: Bookmarks, Preferences, Extensions, Sessions, Extension settings, History Delete Directives, Device Info, User Consents, Send Tab To Self, Web Apps, History, Saved Tab Group, WebAuthn Credentials, Collection, Edge E Drop, Edge Hub App Usage, Edge Wallet, Encryption Keys; Allow fail: Passwords, Autofill Profiles, Autofill
2025-09-06 20:12:52.910: [INFO][Sync] Loading: Bookmarks
2025-09-06 20:12:52.910: [INFO][Sync] Loading: Preferences
2025-09-06 20:12:52.910: [INFO][Sync] Loading: Extensions
2025-09-06 20:12:52.910: [INFO][Sync] Loading: Sessions
2025-09-06 20:12:52.910: [INFO][Sync] Loading: Extension settings
2025-09-06 20:12:52.910: [INFO][Sync] Loading: History Delete Directives
2025-09-06 20:12:52.910: [INFO][Sync] Loading: Device Info
2025-09-06 20:12:52.910: [INFO][Sync] Loading: User Consents
2025-09-06 20:12:52.910: [INFO][Sync] Loading: Send Tab To Self
2025-09-06 20:12:52.910: [INFO][Sync] Loading: Web Apps
2025-09-06 20:12:52.910: [INFO][Sync] Loading: History
2025-09-06 20:12:52.910: [INFO][Sync] Loading: Saved Tab Group
2025-09-06 20:12:52.910: [INFO][Sync] Loading: WebAuthn Credentials
2025-09-06 20:12:52.910: [INFO][Sync] Loading: Collection
2025-09-06 20:12:52.910: [INFO][Sync] Loading: Edge E Drop
2025-09-06 20:12:52.910: [INFO][Sync] Loading: Edge Hub App Usage
2025-09-06 20:12:52.910: [INFO][Sync] Loading: Edge Wallet
2025-09-06 20:12:52.931: [INFO][Sync] All data types are ready for configure.
2025-09-06 20:12:53.404: [INFO][Sync] Started DataTypeManager configuration, reason: 5
2025-09-06 20:12:53.404: [INFO][Sync] Configuring for: Bookmarks, Preferences, Passwords, Autofill Profiles, Autofill, Extensions, Sessions, Extension settings, History Delete Directives, Device Info, User Consents, Send Tab To Self, Web Apps, History, Saved Tab Group, WebAuthn Credentials, Collection, Edge E Drop, Edge Hub App Usage, Edge Wallet, Encryption Keys, reason: 5, current state: 1
2025-09-06 20:12:53.416: [INFO][SyncEngineBackend::DoStartConfiguration] Start configuration
2025-09-06 20:12:53.417: [INFO][SyncManagerImpl::ConfigureSyncer] Types to download:  with reason: 4
2025-09-06 20:12:53.417: [INFO][SyncEngineBackend::DoFinishConfigureDataTypes] Failed to download types:  and succeeded types: 
2025-09-06 20:12:53.419: [INFO][Sync] ConfigurationDone, failed: , succeeded: , remaining count: 4
2025-09-06 20:12:53.419: [WARN][Sync]     Reconfigure requested while configuration ongoing.
2025-09-06 20:12:53.419: [INFO][Sync] Configuring for: Bookmarks, Preferences, Passwords, Autofill Profiles, Autofill, Extensions, Sessions, Extension settings, History Delete Directives, Device Info, User Consents, Send Tab To Self, Web Apps, History, Saved Tab Group, WebAuthn Credentials, Collection, Edge E Drop, Edge Hub App Usage, Edge Wallet, Encryption Keys, reason: 5, current state: 2
2025-09-06 20:12:53.419: [INFO][Sync] Configure, desired: Bookmarks, Preferences, Passwords, Autofill Profiles, Autofill, Extensions, Sessions, Extension settings, History Delete Directives, Device Info, User Consents, Send Tab To Self, Web Apps, History, Saved Tab Group, WebAuthn Credentials, Collection, Edge E Drop, Edge Hub App Usage, Edge Wallet, Encryption Keys; Allow fail: 
2025-09-06 20:12:53.419: [INFO][Sync] Loading: Passwords
2025-09-06 20:12:53.419: [INFO][Sync] Loading: Autofill Profiles
2025-09-06 20:12:53.419: [INFO][Sync] Loading: Autofill
2025-09-06 20:12:53.420: [INFO][Sync] All data types are ready for configure.
2025-09-06 20:12:53.420: [INFO][SyncManagerImpl::NudgeForInitialDownload] Initial download nudge for Passwords
2025-09-06 20:12:53.420: [INFO][SyncManagerImpl::ConfigureSyncer] Types to download:  with reason: 5
2025-09-06 20:12:53.421: [INFO][SyncEngineBackend::DoFinishConfigureDataTypes] Failed to download types:  and succeeded types: 
2025-09-06 20:12:53.421: [INFO][Sync] ConfigurationDone, failed: , succeeded: , remaining count: 4
2025-09-06 20:12:53.421: [INFO][Sync] Prepare to configure types: Passwords, Encryption Keys
2025-09-06 20:12:53.421: [INFO][SyncManagerImpl::ConfigureSyncer] Types to download: Passwords, Encryption Keys with reason: 5
2025-09-06 20:12:53.421: [INFO][SyncSchedulerImpl::DoConfigurationSyncCycleJob] Blocked types:  and types to download: Passwords, Encryption Keys
2025-09-06 20:12:53.892: [INFO][SyncEngineBackend::DoFinishConfigureDataTypes] Failed to download types:  and succeeded types: Passwords, Encryption Keys
2025-09-06 20:12:53.906: [INFO][Sync] ConfigurationDone, failed: , succeeded: Passwords, Encryption Keys, remaining count: 3
2025-09-06 20:12:53.906: [INFO][SyncManagerImpl::ConfigureSyncer] Types to download:  with reason: 5
2025-09-06 20:12:53.906: [INFO][SyncEngineBackend::DoFinishConfigureDataTypes] Failed to download types:  and succeeded types: 
2025-09-06 20:12:53.915: [INFO][Sync] ConfigurationDone, failed: , succeeded: , remaining count: 2
2025-09-06 20:12:53.915: [INFO][SyncManagerImpl::ConfigureSyncer] Types to download:  with reason: 5
2025-09-06 20:12:53.915: [INFO][SyncEngineBackend::DoFinishConfigureDataTypes] Failed to download types:  and succeeded types: 
2025-09-06 20:12:53.915: [INFO][Sync] ConfigurationDone, failed: , succeeded: , remaining count: 1
2025-09-06 20:12:53.930: [INFO][SyncManagerImpl::ConfigureSyncer] Types to download:  with reason: 5
2025-09-06 20:12:53.930: [INFO][SyncEngineBackend::DoFinishConfigureDataTypes] Failed to download types:  and succeeded types: 
2025-09-06 20:12:53.930: [INFO][Sync] ConfigurationDone, failed: , succeeded: , remaining count: 0
2025-09-06 20:12:53.946: [INFO][Sync]     Configuration completed, state: 7
2025-09-06 20:12:53.946: [INFO][Sync] Configured DataTypeManager: Ok
2025-09-06 20:12:53.962: [INFO][SyncEngineBackend::DoStartSyncing] Start syncing
2025-09-06 20:13:55.001: [INFO][Sync] Reset engine, reason: 0
2025-09-06 20:13:55.001: [INFO][Sync] Reset engine with reason: 0
